{"numFailedTestSuites":5,"numFailedTests":6,"numPassedTestSuites":0,"numPassedTests":4,"numPendingTestSuites":0,"numPendingTests":0,"numRuntimeErrorTestSuites":0,"numTodoTests":0,"numTotalTestSuites":5,"numTotalTests":10,"openHandles":[],"snapshot":{"added":3,"didUpdate":false,"failure":true,"filesAdded":3,"filesRemoved":0,"filesUnmatched":1,"filesUpdated":0,"matched":0,"total":4,"unchecked":0,"uncheckedKeysByFile":[],"unmatched":1,"updated":0},"startTime":1568559474190,"success":false,"testResults":[{"assertionResults":[{"ancestorTitles":["With Enzyme"],"failureMessages":["Error: \u001b[2mexpect(\u001b[22m\u001b[31mreceived\u001b[39m\u001b[2m).\u001b[22mtoStrictEqual\u001b[2m(\u001b[22m\u001b[32mexpected\u001b[39m\u001b[2m) // deep equality\u001b[22m\n\nExpected: \u001b[32m\"Hello World!\"\u001b[39m\nReceived: \u001b[31m\"NOT RIGHT NOW\"\u001b[39m\n    at Object.toStrictEqual (/Users/einarae/Development/KONTAKTAR/src/Components/Carousel/Carousel.test.js:11:34)\n    at Object.asyncJestTest (/Users/einarae/Development/KONTAKTAR/node_modules/jest-jasmine2/build/jasmineAsyncInstall.js:102:37)\n    at resolve (/Users/einarae/Development/KONTAKTAR/node_modules/jest-jasmine2/build/queueRunner.js:43:12)\n    at new Promise (<anonymous>)\n    at mapper (/Users/einarae/Development/KONTAKTAR/node_modules/jest-jasmine2/build/queueRunner.js:26:19)\n    at promise.then (/Users/einarae/Development/KONTAKTAR/node_modules/jest-jasmine2/build/queueRunner.js:73:41)\n    at process._tickCallback (internal/process/next_tick.js:68:7)"],"fullName":"With Enzyme component shows \"Hello world!\"","location":null,"status":"failed","title":"component shows \"Hello world!\""},{"ancestorTitles":["With Snapshot Testing"],"failureMessages":[],"fullName":"With Snapshot Testing app shows \"Hello world!\"","location":null,"status":"passed","title":"app shows \"Hello world!\""}],"endTime":1568559477657,"message":"\u001b[1m\u001b[31m  \u001b[1m● \u001b[1mWith Enzyme › component shows \"Hello world!\"\u001b[39m\u001b[22m\n\n    \u001b[2mexpect(\u001b[22m\u001b[31mreceived\u001b[39m\u001b[2m).\u001b[22mtoStrictEqual\u001b[2m(\u001b[22m\u001b[32mexpected\u001b[39m\u001b[2m) // deep equality\u001b[22m\n\n    Expected: \u001b[32m\"Hello World!\"\u001b[39m\n    Received: \u001b[31m\"NOT RIGHT NOW\"\u001b[39m\n\u001b[2m\u001b[22m\n\u001b[2m    \u001b[0m \u001b[90m  9 | \u001b[39m  it(\u001b[32m'component shows \"Hello world!\"'\u001b[39m\u001b[33m,\u001b[39m () \u001b[33m=>\u001b[39m {\u001b[0m\u001b[22m\n\u001b[2m    \u001b[0m \u001b[90m 10 | \u001b[39m    \u001b[36mconst\u001b[39m app \u001b[33m=\u001b[39m shallow(\u001b[33m<\u001b[39m\u001b[33mCarousel\u001b[39m\u001b[33m>\u001b[39m\u001b[33mHello\u001b[39m \u001b[33mWorld\u001b[39m\u001b[33m!\u001b[39m\u001b[33m<\u001b[39m\u001b[33m/\u001b[39m\u001b[33mCarousel\u001b[39m\u001b[33m>\u001b[39m)\u001b[33m;\u001b[39m\u001b[0m\u001b[22m\n\u001b[2m    \u001b[0m\u001b[31m\u001b[1m>\u001b[2m\u001b[39m\u001b[90m 11 | \u001b[39m    expect(app\u001b[33m.\u001b[39mfind(\u001b[32m\"p\"\u001b[39m)\u001b[33m.\u001b[39mtext())\u001b[33m.\u001b[39mtoStrictEqual(\u001b[32m\"Hello World!\"\u001b[39m)\u001b[33m;\u001b[39m\u001b[0m\u001b[22m\n\u001b[2m    \u001b[0m \u001b[90m    | \u001b[39m                                 \u001b[31m\u001b[1m^\u001b[2m\u001b[39m\u001b[0m\u001b[22m\n\u001b[2m    \u001b[0m \u001b[90m 12 | \u001b[39m  })\u001b[33m;\u001b[39m\u001b[0m\u001b[22m\n\u001b[2m    \u001b[0m \u001b[90m 13 | \u001b[39m})\u001b[33m;\u001b[39m\u001b[0m\u001b[22m\n\u001b[2m    \u001b[0m \u001b[90m 14 | \u001b[39m\u001b[0m\u001b[22m\n\u001b[2m\u001b[22m\n\u001b[2m      \u001b[2mat Object.toStrictEqual (\u001b[2m\u001b[0m\u001b[36msrc/Components/Carousel/Carousel.test.js\u001b[39m\u001b[0m\u001b[2m:11:34)\u001b[2m\u001b[22m\n","name":"/Users/einarae/Development/KONTAKTAR/src/Components/Carousel/Carousel.test.js","startTime":1568559476482,"status":"failed","summary":""},{"assertionResults":[{"ancestorTitles":["With Enzyme"],"failureMessages":[],"fullName":"With Enzyme component shows \"Hello world!\"","location":null,"status":"passed","title":"component shows \"Hello world!\""},{"ancestorTitles":["With Snapshot Testing"],"failureMessages":["Error: \u001b[2mexpect(\u001b[22m\u001b[31mreceived\u001b[39m\u001b[2m).\u001b[22mtoMatchSnapshot\u001b[2m()\u001b[22m\n\nSnapshot name: `With Snapshot Testing app shows \"Hello world!\" 1`\n\n\u001b[32m- Snapshot\u001b[39m\n\u001b[31m+ Received\u001b[39m\n\n\u001b[2m  <button\u001b[22m\n\u001b[32m-   className=\"button\"\u001b[39m\n\u001b[31m+   className=\"button   \"\u001b[39m\n\u001b[2m    disabled={false}\u001b[22m\n\u001b[32m-   onClick={[Function]}\u001b[39m\n\u001b[2m    type=\"button\"\u001b[22m\n\u001b[2m  />\u001b[22m\n    at Object.toMatchSnapshot (/Users/einarae/Development/KONTAKTAR/src/Components/Button/Button.test.js:18:18)\n    at Object.asyncJestTest (/Users/einarae/Development/KONTAKTAR/node_modules/jest-jasmine2/build/jasmineAsyncInstall.js:102:37)\n    at resolve (/Users/einarae/Development/KONTAKTAR/node_modules/jest-jasmine2/build/queueRunner.js:43:12)\n    at new Promise (<anonymous>)\n    at mapper (/Users/einarae/Development/KONTAKTAR/node_modules/jest-jasmine2/build/queueRunner.js:26:19)\n    at promise.then (/Users/einarae/Development/KONTAKTAR/node_modules/jest-jasmine2/build/queueRunner.js:73:41)\n    at process._tickCallback (internal/process/next_tick.js:68:7)"],"fullName":"With Snapshot Testing app shows \"Hello world!\"","location":null,"status":"failed","title":"app shows \"Hello world!\""}],"endTime":1568559477917,"message":"\u001b[1m\u001b[31m  \u001b[1m● \u001b[1mWith Snapshot Testing › app shows \"Hello world!\"\u001b[39m\u001b[22m\n\n    \u001b[2mexpect(\u001b[22m\u001b[31mreceived\u001b[39m\u001b[2m).\u001b[22mtoMatchSnapshot\u001b[2m()\u001b[22m\n\n    Snapshot name: `With Snapshot Testing app shows \"Hello world!\" 1`\n\n    \u001b[32m- Snapshot\u001b[39m\n    \u001b[31m+ Received\u001b[39m\n\n    \u001b[2m  <button\u001b[22m\n    \u001b[32m-   className=\"button\"\u001b[39m\n    \u001b[31m+   className=\"button   \"\u001b[39m\n    \u001b[2m    disabled={false}\u001b[22m\n    \u001b[32m-   onClick={[Function]}\u001b[39m\n    \u001b[2m    type=\"button\"\u001b[22m\n    \u001b[2m  />\u001b[22m\n\u001b[2m\u001b[22m\n\u001b[2m    \u001b[0m \u001b[90m 16 | \u001b[39m    \u001b[36mconst\u001b[39m component \u001b[33m=\u001b[39m renderer\u001b[33m.\u001b[39mcreate(\u001b[33m<\u001b[39m\u001b[33mButton\u001b[39m \u001b[33m/\u001b[39m\u001b[33m>\u001b[39m)\u001b[33m;\u001b[39m\u001b[0m\u001b[22m\n\u001b[2m    \u001b[0m \u001b[90m 17 | \u001b[39m    \u001b[36mconst\u001b[39m tree \u001b[33m=\u001b[39m component\u001b[33m.\u001b[39mtoJSON()\u001b[33m;\u001b[39m\u001b[0m\u001b[22m\n\u001b[2m    \u001b[0m\u001b[31m\u001b[1m>\u001b[2m\u001b[39m\u001b[90m 18 | \u001b[39m    expect(tree)\u001b[33m.\u001b[39mtoMatchSnapshot()\u001b[33m;\u001b[39m\u001b[0m\u001b[22m\n\u001b[2m    \u001b[0m \u001b[90m    | \u001b[39m                 \u001b[31m\u001b[1m^\u001b[2m\u001b[39m\u001b[0m\u001b[22m\n\u001b[2m    \u001b[0m \u001b[90m 19 | \u001b[39m  })\u001b[33m;\u001b[39m\u001b[0m\u001b[22m\n\u001b[2m    \u001b[0m \u001b[90m 20 | \u001b[39m})\u001b[33m;\u001b[39m\u001b[0m\u001b[22m\n\u001b[2m    \u001b[0m \u001b[90m 21 | \u001b[39m\u001b[0m\u001b[22m\n\u001b[2m\u001b[22m\n\u001b[2m      \u001b[2mat Object.toMatchSnapshot (\u001b[2m\u001b[0m\u001b[36msrc/Components/Button/Button.test.js\u001b[39m\u001b[0m\u001b[2m:18:18)\u001b[2m\u001b[22m\n","name":"/Users/einarae/Development/KONTAKTAR/src/Components/Button/Button.test.js","startTime":1568559476486,"status":"failed","summary":""},{"assertionResults":[{"ancestorTitles":["With Enzyme"],"failureMessages":["Error: Method “text” is meant to be run on 1 node. 2 found instead.\n    at ShallowWrapper.single (/Users/einarae/Development/KONTAKTAR/node_modules/enzyme/src/ShallowWrapper.js:1636:13)\n    at ShallowWrapper.single [as text] (/Users/einarae/Development/KONTAKTAR/node_modules/enzyme/src/ShallowWrapper.js:1079:17)\n    at Object.text (/Users/einarae/Development/KONTAKTAR/src/Components/Footer/Footer.test.js:11:26)\n    at Object.asyncJestTest (/Users/einarae/Development/KONTAKTAR/node_modules/jest-jasmine2/build/jasmineAsyncInstall.js:102:37)\n    at resolve (/Users/einarae/Development/KONTAKTAR/node_modules/jest-jasmine2/build/queueRunner.js:43:12)\n    at new Promise (<anonymous>)\n    at mapper (/Users/einarae/Development/KONTAKTAR/node_modules/jest-jasmine2/build/queueRunner.js:26:19)\n    at promise.then (/Users/einarae/Development/KONTAKTAR/node_modules/jest-jasmine2/build/queueRunner.js:73:41)\n    at process._tickCallback (internal/process/next_tick.js:68:7)"],"fullName":"With Enzyme component shows \"Hello world!\"","location":null,"status":"failed","title":"component shows \"Hello world!\""},{"ancestorTitles":["With Snapshot Testing"],"failureMessages":[],"fullName":"With Snapshot Testing app shows \"Hello world!\"","location":null,"status":"passed","title":"app shows \"Hello world!\""}],"endTime":1568559478904,"message":"\u001b[1m\u001b[31m  \u001b[1m● \u001b[1mWith Enzyme › component shows \"Hello world!\"\u001b[39m\u001b[22m\n\n    Method “text” is meant to be run on 1 node. 2 found instead.\n\u001b[2m\u001b[22m\n\u001b[2m    \u001b[0m \u001b[90m  9 | \u001b[39m  it(\u001b[32m'component shows \"Hello world!\"'\u001b[39m\u001b[33m,\u001b[39m () \u001b[33m=>\u001b[39m {\u001b[0m\u001b[22m\n\u001b[2m    \u001b[0m \u001b[90m 10 | \u001b[39m    \u001b[36mconst\u001b[39m app \u001b[33m=\u001b[39m shallow(\u001b[33m<\u001b[39m\u001b[33mFooter\u001b[39m\u001b[33m>\u001b[39m\u001b[33mHello\u001b[39m \u001b[33mWorld\u001b[39m\u001b[33m!\u001b[39m\u001b[33m<\u001b[39m\u001b[33m/\u001b[39m\u001b[33mFooter\u001b[39m\u001b[33m>\u001b[39m)\u001b[33m;\u001b[39m\u001b[0m\u001b[22m\n\u001b[2m    \u001b[0m\u001b[31m\u001b[1m>\u001b[2m\u001b[39m\u001b[90m 11 | \u001b[39m    expect(app\u001b[33m.\u001b[39mfind(\u001b[32m\"p\"\u001b[39m)\u001b[33m.\u001b[39mtext())\u001b[33m.\u001b[39mtoStrictEqual(\u001b[32m\"Hello World!\"\u001b[39m)\u001b[33m;\u001b[39m\u001b[0m\u001b[22m\n\u001b[2m    \u001b[0m \u001b[90m    | \u001b[39m                         \u001b[31m\u001b[1m^\u001b[2m\u001b[39m\u001b[0m\u001b[22m\n\u001b[2m    \u001b[0m \u001b[90m 12 | \u001b[39m  })\u001b[33m;\u001b[39m\u001b[0m\u001b[22m\n\u001b[2m    \u001b[0m \u001b[90m 13 | \u001b[39m})\u001b[33m;\u001b[39m\u001b[0m\u001b[22m\n\u001b[2m    \u001b[0m \u001b[90m 14 | \u001b[39m\u001b[0m\u001b[22m\n\u001b[2m\u001b[22m\n\u001b[2m      \u001b[2mat ShallowWrapper.single (\u001b[2mnode_modules/enzyme/src/ShallowWrapper.js\u001b[2m:1636:13)\u001b[2m\u001b[22m\n\u001b[2m      \u001b[2mat ShallowWrapper.single [as text] (\u001b[2mnode_modules/enzyme/src/ShallowWrapper.js\u001b[2m:1079:17)\u001b[2m\u001b[22m\n\u001b[2m      \u001b[2mat Object.text (\u001b[2m\u001b[0m\u001b[36msrc/Components/Footer/Footer.test.js\u001b[39m\u001b[0m\u001b[2m:11:26)\u001b[2m\u001b[22m\n","name":"/Users/einarae/Development/KONTAKTAR/src/Components/Footer/Footer.test.js","startTime":1568559476485,"status":"failed","summary":""},{"assertionResults":[{"ancestorTitles":["With Enzyme"],"failureMessages":["TypeError: Cannot read property 'contextTypes' of undefined\n    at Object.contextTypes [as render] (/Users/einarae/Development/KONTAKTAR/node_modules/enzyme-adapter-react-16/src/ReactSixteenAdapter.js:624:54)\n    at new render (/Users/einarae/Development/KONTAKTAR/node_modules/enzyme/src/ShallowWrapper.js:397:22)\n    at shallow (/Users/einarae/Development/KONTAKTAR/node_modules/enzyme/src/shallow.js:10:10)\n    at Object.<anonymous> (/Users/einarae/Development/KONTAKTAR/src/Components/Card/Card.test.js:10:17)\n    at Object.asyncJestTest (/Users/einarae/Development/KONTAKTAR/node_modules/jest-jasmine2/build/jasmineAsyncInstall.js:102:37)\n    at resolve (/Users/einarae/Development/KONTAKTAR/node_modules/jest-jasmine2/build/queueRunner.js:43:12)\n    at new Promise (<anonymous>)\n    at mapper (/Users/einarae/Development/KONTAKTAR/node_modules/jest-jasmine2/build/queueRunner.js:26:19)\n    at promise.then (/Users/einarae/Development/KONTAKTAR/node_modules/jest-jasmine2/build/queueRunner.js:73:41)\n    at process._tickCallback (internal/process/next_tick.js:68:7)"],"fullName":"With Enzyme component shows \"Hello world!\"","location":null,"status":"failed","title":"component shows \"Hello world!\""},{"ancestorTitles":["With Snapshot Testing"],"failureMessages":["Invariant Violation: Element type is invalid: expected a string (for built-in components) or a class/function (for composite components) but got: undefined. You likely forgot to export your component from the file it's defined in, or you might have mixed up default and named imports.\n    at invariant (/Users/einarae/Development/KONTAKTAR/node_modules/react-test-renderer/cjs/react-test-renderer.development.js:55:15)\n    at createFiberFromTypeAndProps (/Users/einarae/Development/KONTAKTAR/node_modules/react-test-renderer/cjs/react-test-renderer.development.js:2056:11)\n    at createFiberFromElement (/Users/einarae/Development/KONTAKTAR/node_modules/react-test-renderer/cjs/react-test-renderer.development.js:2077:15)\n    at reconcileSingleElement (/Users/einarae/Development/KONTAKTAR/node_modules/react-test-renderer/cjs/react-test-renderer.development.js:4629:23)\n    at reconcileChildFibers (/Users/einarae/Development/KONTAKTAR/node_modules/react-test-renderer/cjs/react-test-renderer.development.js:4686:35)\n    at reconcileChildren (/Users/einarae/Development/KONTAKTAR/node_modules/react-test-renderer/cjs/react-test-renderer.development.js:6508:28)\n    at updateHostRoot (/Users/einarae/Development/KONTAKTAR/node_modules/react-test-renderer/cjs/react-test-renderer.development.js:6920:5)\n    at beginWork (/Users/einarae/Development/KONTAKTAR/node_modules/react-test-renderer/cjs/react-test-renderer.development.js:7745:14)\n    at performUnitOfWork (/Users/einarae/Development/KONTAKTAR/node_modules/react-test-renderer/cjs/react-test-renderer.development.js:11413:12)\n    at workLoop (/Users/einarae/Development/KONTAKTAR/node_modules/react-test-renderer/cjs/react-test-renderer.development.js:11445:24)"],"fullName":"With Snapshot Testing app shows \"Hello world!\"","location":null,"status":"failed","title":"app shows \"Hello world!\""}],"endTime":1568559479937,"message":"\u001b[1m\u001b[31m  \u001b[1m● \u001b[1mWith Enzyme › component shows \"Hello world!\"\u001b[39m\u001b[22m\n\n    TypeError: Cannot read property 'contextTypes' of undefined\n\u001b[2m\u001b[22m\n\u001b[2m    \u001b[0m \u001b[90m  8 | \u001b[39mdescribe(\u001b[32m\"With Enzyme\"\u001b[39m\u001b[33m,\u001b[39m () \u001b[33m=>\u001b[39m {\u001b[0m\u001b[22m\n\u001b[2m    \u001b[0m \u001b[90m  9 | \u001b[39m  it(\u001b[32m'component shows \"Hello world!\"'\u001b[39m\u001b[33m,\u001b[39m () \u001b[33m=>\u001b[39m {\u001b[0m\u001b[22m\n\u001b[2m    \u001b[0m\u001b[31m\u001b[1m>\u001b[2m\u001b[39m\u001b[90m 10 | \u001b[39m    \u001b[36mconst\u001b[39m app \u001b[33m=\u001b[39m shallow(\u001b[33m<\u001b[39m\u001b[33mCard\u001b[39m\u001b[33m>\u001b[39m\u001b[33mHello\u001b[39m \u001b[33mWorld\u001b[39m\u001b[33m!\u001b[39m\u001b[33m<\u001b[39m\u001b[33m/\u001b[39m\u001b[33mCard\u001b[39m\u001b[33m>\u001b[39m)\u001b[33m;\u001b[39m\u001b[0m\u001b[22m\n\u001b[2m    \u001b[0m \u001b[90m    | \u001b[39m                \u001b[31m\u001b[1m^\u001b[2m\u001b[39m\u001b[0m\u001b[22m\n\u001b[2m    \u001b[0m \u001b[90m 11 | \u001b[39m    expect(app\u001b[33m.\u001b[39mfind(\u001b[32m\"p\"\u001b[39m)\u001b[33m.\u001b[39mtext())\u001b[33m.\u001b[39mtoStrictEqual(\u001b[32m\"Hello World!\"\u001b[39m)\u001b[33m;\u001b[39m\u001b[0m\u001b[22m\n\u001b[2m    \u001b[0m \u001b[90m 12 | \u001b[39m  })\u001b[33m;\u001b[39m\u001b[0m\u001b[22m\n\u001b[2m    \u001b[0m \u001b[90m 13 | \u001b[39m})\u001b[33m;\u001b[39m\u001b[0m\u001b[22m\n\u001b[2m\u001b[22m\n\u001b[2m      \u001b[2mat Object.contextTypes [as render] (\u001b[2mnode_modules/enzyme-adapter-react-16/src/ReactSixteenAdapter.js\u001b[2m:624:54)\u001b[2m\u001b[22m\n\u001b[2m      \u001b[2mat new render (\u001b[2mnode_modules/enzyme/src/ShallowWrapper.js\u001b[2m:397:22)\u001b[2m\u001b[22m\n\u001b[2m      \u001b[2mat shallow (\u001b[2mnode_modules/enzyme/src/shallow.js\u001b[2m:10:10)\u001b[2m\u001b[22m\n\u001b[2m      \u001b[2mat Object.<anonymous> (\u001b[2m\u001b[0m\u001b[36msrc/Components/Card/Card.test.js\u001b[39m\u001b[0m\u001b[2m:10:17)\u001b[2m\u001b[22m\n\n\u001b[1m\u001b[31m  \u001b[1m● \u001b[1mWith Snapshot Testing › app shows \"Hello world!\"\u001b[39m\u001b[22m\n\n    Invariant Violation: Element type is invalid: expected a string (for built-in components) or a class/function (for composite components) but got: undefined. You likely forgot to export your component from the file it's defined in, or you might have mixed up default and named imports.\n\u001b[2m\u001b[22m\n\u001b[2m      \u001b[2mat invariant (\u001b[2mnode_modules/react-test-renderer/cjs/react-test-renderer.development.js\u001b[2m:55:15)\u001b[2m\u001b[22m\n\u001b[2m      \u001b[2mat createFiberFromTypeAndProps (\u001b[2mnode_modules/react-test-renderer/cjs/react-test-renderer.development.js\u001b[2m:2056:11)\u001b[2m\u001b[22m\n\u001b[2m      \u001b[2mat createFiberFromElement (\u001b[2mnode_modules/react-test-renderer/cjs/react-test-renderer.development.js\u001b[2m:2077:15)\u001b[2m\u001b[22m\n\u001b[2m      \u001b[2mat reconcileSingleElement (\u001b[2mnode_modules/react-test-renderer/cjs/react-test-renderer.development.js\u001b[2m:4629:23)\u001b[2m\u001b[22m\n\u001b[2m      \u001b[2mat reconcileChildFibers (\u001b[2mnode_modules/react-test-renderer/cjs/react-test-renderer.development.js\u001b[2m:4686:35)\u001b[2m\u001b[22m\n\u001b[2m      \u001b[2mat reconcileChildren (\u001b[2mnode_modules/react-test-renderer/cjs/react-test-renderer.development.js\u001b[2m:6508:28)\u001b[2m\u001b[22m\n\u001b[2m      \u001b[2mat updateHostRoot (\u001b[2mnode_modules/react-test-renderer/cjs/react-test-renderer.development.js\u001b[2m:6920:5)\u001b[2m\u001b[22m\n\u001b[2m      \u001b[2mat beginWork (\u001b[2mnode_modules/react-test-renderer/cjs/react-test-renderer.development.js\u001b[2m:7745:14)\u001b[2m\u001b[22m\n\u001b[2m      \u001b[2mat performUnitOfWork (\u001b[2mnode_modules/react-test-renderer/cjs/react-test-renderer.development.js\u001b[2m:11413:12)\u001b[2m\u001b[22m\n\u001b[2m      \u001b[2mat workLoop (\u001b[2mnode_modules/react-test-renderer/cjs/react-test-renderer.development.js\u001b[2m:11445:24)\u001b[2m\u001b[22m\n","name":"/Users/einarae/Development/KONTAKTAR/src/Components/Card/Card.test.js","startTime":1568559478390,"status":"failed","summary":""},{"assertionResults":[{"ancestorTitles":["With Enzyme"],"failureMessages":["Error: Method “text” is meant to be run on 1 node. 0 found instead.\n    at ShallowWrapper.single (/Users/einarae/Development/KONTAKTAR/node_modules/enzyme/src/ShallowWrapper.js:1636:13)\n    at ShallowWrapper.single [as text] (/Users/einarae/Development/KONTAKTAR/node_modules/enzyme/src/ShallowWrapper.js:1079:17)\n    at Object.text (/Users/einarae/Development/KONTAKTAR/src/Components/Header/Header.test.js:10:26)\n    at Object.asyncJestTest (/Users/einarae/Development/KONTAKTAR/node_modules/jest-jasmine2/build/jasmineAsyncInstall.js:102:37)\n    at resolve (/Users/einarae/Development/KONTAKTAR/node_modules/jest-jasmine2/build/queueRunner.js:43:12)\n    at new Promise (<anonymous>)\n    at mapper (/Users/einarae/Development/KONTAKTAR/node_modules/jest-jasmine2/build/queueRunner.js:26:19)\n    at promise.then (/Users/einarae/Development/KONTAKTAR/node_modules/jest-jasmine2/build/queueRunner.js:73:41)\n    at process._tickCallback (internal/process/next_tick.js:68:7)"],"fullName":"With Enzyme component shows \"Hello world!\"","location":null,"status":"failed","title":"component shows \"Hello world!\""},{"ancestorTitles":["With Snapshot Testing"],"failureMessages":[],"fullName":"With Snapshot Testing app shows \"Hello world!\"","location":null,"status":"passed","title":"app shows \"Hello world!\""}],"endTime":1568559480098,"message":"\u001b[1m\u001b[31m  \u001b[1m● \u001b[1mWith Enzyme › component shows \"Hello world!\"\u001b[39m\u001b[22m\n\n    Method “text” is meant to be run on 1 node. 0 found instead.\n\u001b[2m\u001b[22m\n\u001b[2m    \u001b[0m \u001b[90m  8 | \u001b[39m  it(\u001b[32m'component shows \"Hello world!\"'\u001b[39m\u001b[33m,\u001b[39m () \u001b[33m=>\u001b[39m {\u001b[0m\u001b[22m\n\u001b[2m    \u001b[0m \u001b[90m  9 | \u001b[39m    \u001b[36mconst\u001b[39m app \u001b[33m=\u001b[39m shallow(\u001b[33m<\u001b[39m\u001b[33mheader\u001b[39m\u001b[33m>\u001b[39m\u001b[33mHello\u001b[39m \u001b[33mWorld\u001b[39m\u001b[33m!\u001b[39m\u001b[33m<\u001b[39m\u001b[33m/\u001b[39m\u001b[33mheader\u001b[39m\u001b[33m>\u001b[39m)\u001b[33m;\u001b[39m\u001b[0m\u001b[22m\n\u001b[2m    \u001b[0m\u001b[31m\u001b[1m>\u001b[2m\u001b[39m\u001b[90m 10 | \u001b[39m    expect(app\u001b[33m.\u001b[39mfind(\u001b[32m\"p\"\u001b[39m)\u001b[33m.\u001b[39mtext())\u001b[33m.\u001b[39mtoStrictEqual(\u001b[32m\"Hello World!\"\u001b[39m)\u001b[33m;\u001b[39m\u001b[0m\u001b[22m\n\u001b[2m    \u001b[0m \u001b[90m    | \u001b[39m                         \u001b[31m\u001b[1m^\u001b[2m\u001b[39m\u001b[0m\u001b[22m\n\u001b[2m    \u001b[0m \u001b[90m 11 | \u001b[39m  })\u001b[33m;\u001b[39m\u001b[0m\u001b[22m\n\u001b[2m    \u001b[0m \u001b[90m 12 | \u001b[39m})\u001b[33m;\u001b[39m\u001b[0m\u001b[22m\n\u001b[2m    \u001b[0m \u001b[90m 13 | \u001b[39m\u001b[0m\u001b[22m\n\u001b[2m\u001b[22m\n\u001b[2m      \u001b[2mat ShallowWrapper.single (\u001b[2mnode_modules/enzyme/src/ShallowWrapper.js\u001b[2m:1636:13)\u001b[2m\u001b[22m\n\u001b[2m      \u001b[2mat ShallowWrapper.single [as text] (\u001b[2mnode_modules/enzyme/src/ShallowWrapper.js\u001b[2m:1079:17)\u001b[2m\u001b[22m\n\u001b[2m      \u001b[2mat Object.text (\u001b[2m\u001b[0m\u001b[36msrc/Components/Header/Header.test.js\u001b[39m\u001b[0m\u001b[2m:10:26)\u001b[2m\u001b[22m\n","name":"/Users/einarae/Development/KONTAKTAR/src/Components/Header/Header.test.js","startTime":1568559478223,"status":"failed","summary":""}],"wasInterrupted":false}