{"numFailedTestSuites":24,"numFailedTests":32,"numPassedTestSuites":0,"numPassedTests":16,"numPendingTestSuites":0,"numPendingTests":0,"numRuntimeErrorTestSuites":0,"numTodoTests":0,"numTotalTestSuites":24,"numTotalTests":48,"openHandles":[],"snapshot":{"added":15,"didUpdate":false,"failure":true,"filesAdded":15,"filesRemoved":0,"filesUnmatched":1,"filesUpdated":0,"matched":0,"total":16,"unchecked":0,"uncheckedKeysByFile":[],"unmatched":1,"updated":0},"startTime":1606598918808,"success":false,"testResults":[{"assertionResults":[{"ancestorTitles":["With Enzyme"],"failureMessages":["Error: Method “text” is meant to be run on 1 node. 0 found instead.\n    at ShallowWrapper.single (/Users/einaralex/Development/Projects/Spez/node_modules/enzyme/src/ShallowWrapper.js:1636:13)\n    at ShallowWrapper.single [as text] (/Users/einaralex/Development/Projects/Spez/node_modules/enzyme/src/ShallowWrapper.js:1079:17)\n    at Object.text (/Users/einaralex/Development/Projects/Spez/src/layouts/CardsContainer/CardsContainer.test.js:10:26)\n    at Object.asyncJestTest (/Users/einaralex/Development/Projects/Spez/node_modules/jest-jasmine2/build/jasmineAsyncInstall.js:102:37)\n    at /Users/einaralex/Development/Projects/Spez/node_modules/jest-jasmine2/build/queueRunner.js:43:12\n    at new Promise (<anonymous>)\n    at mapper (/Users/einaralex/Development/Projects/Spez/node_modules/jest-jasmine2/build/queueRunner.js:26:19)\n    at /Users/einaralex/Development/Projects/Spez/node_modules/jest-jasmine2/build/queueRunner.js:73:41\n    at processTicksAndRejections (internal/process/task_queues.js:97:5)"],"fullName":"With Enzyme component shows \"Hello world!\"","location":null,"status":"failed","title":"component shows \"Hello world!\""},{"ancestorTitles":["With Snapshot Testing"],"failureMessages":[],"fullName":"With Snapshot Testing app shows \"Hello world!\"","location":null,"status":"passed","title":"app shows \"Hello world!\""}],"endTime":1606598922678,"message":"\u001b[1m\u001b[31m  \u001b[1m● \u001b[1mWith Enzyme › component shows \"Hello world!\"\u001b[39m\u001b[22m\n\n    Method “text” is meant to be run on 1 node. 0 found instead.\n\u001b[2m\u001b[22m\n\u001b[2m    \u001b[0m \u001b[90m  8 | \u001b[39m  it(\u001b[32m'component shows \"Hello world!\"'\u001b[39m\u001b[33m,\u001b[39m () \u001b[33m=>\u001b[39m {\u001b[0m\u001b[22m\n\u001b[2m    \u001b[0m \u001b[90m  9 | \u001b[39m    \u001b[36mconst\u001b[39m app \u001b[33m=\u001b[39m shallow(\u001b[33m<\u001b[39m\u001b[33mCardContainer\u001b[39m\u001b[33m>\u001b[39m\u001b[33mHello\u001b[39m \u001b[33mWorld\u001b[39m\u001b[33m!\u001b[39m\u001b[33m<\u001b[39m\u001b[33m/\u001b[39m\u001b[33mCardContainer\u001b[39m\u001b[33m>\u001b[39m)\u001b[33m;\u001b[39m\u001b[0m\u001b[22m\n\u001b[2m    \u001b[0m\u001b[31m\u001b[1m>\u001b[2m\u001b[39m\u001b[90m 10 | \u001b[39m    expect(app\u001b[33m.\u001b[39mfind(\u001b[32m\"p\"\u001b[39m)\u001b[33m.\u001b[39mtext())\u001b[33m.\u001b[39mtoStrictEqual(\u001b[32m\"Hello World!\"\u001b[39m)\u001b[33m;\u001b[39m\u001b[0m\u001b[22m\n\u001b[2m    \u001b[0m \u001b[90m    | \u001b[39m                         \u001b[31m\u001b[1m^\u001b[2m\u001b[39m\u001b[0m\u001b[22m\n\u001b[2m    \u001b[0m \u001b[90m 11 | \u001b[39m  })\u001b[33m;\u001b[39m\u001b[0m\u001b[22m\n\u001b[2m    \u001b[0m \u001b[90m 12 | \u001b[39m})\u001b[33m;\u001b[39m\u001b[0m\u001b[22m\n\u001b[2m    \u001b[0m \u001b[90m 13 | \u001b[39m\u001b[0m\u001b[22m\n\u001b[2m\u001b[22m\n\u001b[2m      \u001b[2mat ShallowWrapper.single (\u001b[2mnode_modules/enzyme/src/ShallowWrapper.js\u001b[2m:1636:13)\u001b[2m\u001b[22m\n\u001b[2m      \u001b[2mat ShallowWrapper.single [as text] (\u001b[2mnode_modules/enzyme/src/ShallowWrapper.js\u001b[2m:1079:17)\u001b[2m\u001b[22m\n\u001b[2m      \u001b[2mat Object.text (\u001b[2m\u001b[0m\u001b[36msrc/layouts/CardsContainer/CardsContainer.test.js\u001b[39m\u001b[0m\u001b[2m:10:26)\u001b[2m\u001b[22m\n","name":"/Users/einaralex/Development/Projects/Spez/src/layouts/CardsContainer/CardsContainer.test.js","startTime":1606598921479,"status":"failed","summary":""},{"assertionResults":[{"ancestorTitles":["With Enzyme"],"failureMessages":["Error: Method “text” is meant to be run on 1 node. 0 found instead.\n    at ShallowWrapper.single (/Users/einaralex/Development/Projects/Spez/node_modules/enzyme/src/ShallowWrapper.js:1636:13)\n    at ShallowWrapper.single [as text] (/Users/einaralex/Development/Projects/Spez/node_modules/enzyme/src/ShallowWrapper.js:1079:17)\n    at Object.text (/Users/einaralex/Development/Projects/Spez/src/layouts/ModalContent/ModalContent.test.js:10:26)\n    at Object.asyncJestTest (/Users/einaralex/Development/Projects/Spez/node_modules/jest-jasmine2/build/jasmineAsyncInstall.js:102:37)\n    at /Users/einaralex/Development/Projects/Spez/node_modules/jest-jasmine2/build/queueRunner.js:43:12\n    at new Promise (<anonymous>)\n    at mapper (/Users/einaralex/Development/Projects/Spez/node_modules/jest-jasmine2/build/queueRunner.js:26:19)\n    at /Users/einaralex/Development/Projects/Spez/node_modules/jest-jasmine2/build/queueRunner.js:73:41\n    at processTicksAndRejections (internal/process/task_queues.js:97:5)"],"fullName":"With Enzyme component shows \"Hello world!\"","location":null,"status":"failed","title":"component shows \"Hello world!\""},{"ancestorTitles":["With Snapshot Testing"],"failureMessages":[],"fullName":"With Snapshot Testing app shows \"Hello world!\"","location":null,"status":"passed","title":"app shows \"Hello world!\""}],"endTime":1606598928048,"message":"\u001b[1m\u001b[31m  \u001b[1m● \u001b[1mWith Enzyme › component shows \"Hello world!\"\u001b[39m\u001b[22m\n\n    Method “text” is meant to be run on 1 node. 0 found instead.\n\u001b[2m\u001b[22m\n\u001b[2m    \u001b[0m \u001b[90m  8 | \u001b[39m  it(\u001b[32m'component shows \"Hello world!\"'\u001b[39m\u001b[33m,\u001b[39m () \u001b[33m=>\u001b[39m {\u001b[0m\u001b[22m\n\u001b[2m    \u001b[0m \u001b[90m  9 | \u001b[39m    \u001b[36mconst\u001b[39m app \u001b[33m=\u001b[39m shallow(\u001b[33m<\u001b[39m\u001b[33mModalContent\u001b[39m\u001b[33m>\u001b[39m\u001b[33mHello\u001b[39m \u001b[33mWorld\u001b[39m\u001b[33m!\u001b[39m\u001b[33m<\u001b[39m\u001b[33m/\u001b[39m\u001b[33mModalContent\u001b[39m\u001b[33m>\u001b[39m)\u001b[33m;\u001b[39m\u001b[0m\u001b[22m\n\u001b[2m    \u001b[0m\u001b[31m\u001b[1m>\u001b[2m\u001b[39m\u001b[90m 10 | \u001b[39m    expect(app\u001b[33m.\u001b[39mfind(\u001b[32m\"p\"\u001b[39m)\u001b[33m.\u001b[39mtext())\u001b[33m.\u001b[39mtoStrictEqual(\u001b[32m\"Hello World!\"\u001b[39m)\u001b[33m;\u001b[39m\u001b[0m\u001b[22m\n\u001b[2m    \u001b[0m \u001b[90m    | \u001b[39m                         \u001b[31m\u001b[1m^\u001b[2m\u001b[39m\u001b[0m\u001b[22m\n\u001b[2m    \u001b[0m \u001b[90m 11 | \u001b[39m  })\u001b[33m;\u001b[39m\u001b[0m\u001b[22m\n\u001b[2m    \u001b[0m \u001b[90m 12 | \u001b[39m})\u001b[33m;\u001b[39m\u001b[0m\u001b[22m\n\u001b[2m    \u001b[0m \u001b[90m 13 | \u001b[39m\u001b[0m\u001b[22m\n\u001b[2m\u001b[22m\n\u001b[2m      \u001b[2mat ShallowWrapper.single (\u001b[2mnode_modules/enzyme/src/ShallowWrapper.js\u001b[2m:1636:13)\u001b[2m\u001b[22m\n\u001b[2m      \u001b[2mat ShallowWrapper.single [as text] (\u001b[2mnode_modules/enzyme/src/ShallowWrapper.js\u001b[2m:1079:17)\u001b[2m\u001b[22m\n\u001b[2m      \u001b[2mat Object.text (\u001b[2m\u001b[0m\u001b[36msrc/layouts/ModalContent/ModalContent.test.js\u001b[39m\u001b[0m\u001b[2m:10:26)\u001b[2m\u001b[22m\n","name":"/Users/einaralex/Development/Projects/Spez/src/layouts/ModalContent/ModalContent.test.js","startTime":1606598922971,"status":"failed","summary":""},{"assertionResults":[{"ancestorTitles":["With Enzyme"],"failureMessages":["Error: \u001b[2mexpect(\u001b[22m\u001b[31mreceived\u001b[39m\u001b[2m).\u001b[22mtoStrictEqual\u001b[2m(\u001b[22m\u001b[32mexpected\u001b[39m\u001b[2m) // deep equality\u001b[22m\n\nExpected: \u001b[32m\"Hello World!\"\u001b[39m\nReceived: \u001b[31m\"Donec ullamcorper nulla non metus auctor fringilla. Donec id elit non mi porta gravida at eget metus. Aenean eu leo quam. Pellentesque ornare sem lacinia quam venenatis vestibulum. Vestibulum id ligula porta felis euismod semper. Sed posuere consectetur est at lobortis.\"\u001b[39m\n    at Object.toStrictEqual (/Users/einaralex/Development/Projects/Spez/src/layouts/SubscriptionContainer/SubscriptionContainer.test.js:12:34)\n    at Object.asyncJestTest (/Users/einaralex/Development/Projects/Spez/node_modules/jest-jasmine2/build/jasmineAsyncInstall.js:102:37)\n    at /Users/einaralex/Development/Projects/Spez/node_modules/jest-jasmine2/build/queueRunner.js:43:12\n    at new Promise (<anonymous>)\n    at mapper (/Users/einaralex/Development/Projects/Spez/node_modules/jest-jasmine2/build/queueRunner.js:26:19)\n    at /Users/einaralex/Development/Projects/Spez/node_modules/jest-jasmine2/build/queueRunner.js:73:41\n    at processTicksAndRejections (internal/process/task_queues.js:97:5)"],"fullName":"With Enzyme component shows \"Hello world!\"","location":null,"status":"failed","title":"component shows \"Hello world!\""},{"ancestorTitles":["With Snapshot Testing"],"failureMessages":[],"fullName":"With Snapshot Testing app shows \"Hello world!\"","location":null,"status":"passed","title":"app shows \"Hello world!\""}],"endTime":1606598928078,"message":"\u001b[1m\u001b[31m  \u001b[1m● \u001b[1mWith Enzyme › component shows \"Hello world!\"\u001b[39m\u001b[22m\n\n    \u001b[2mexpect(\u001b[22m\u001b[31mreceived\u001b[39m\u001b[2m).\u001b[22mtoStrictEqual\u001b[2m(\u001b[22m\u001b[32mexpected\u001b[39m\u001b[2m) // deep equality\u001b[22m\n\n    Expected: \u001b[32m\"Hello World!\"\u001b[39m\n    Received: \u001b[31m\"Donec ullamcorper nulla non metus auctor fringilla. Donec id elit non mi porta gravida at eget metus. Aenean eu leo quam. Pellentesque ornare sem lacinia quam venenatis vestibulum. Vestibulum id ligula porta felis euismod semper. Sed posuere consectetur est at lobortis.\"\u001b[39m\n\u001b[2m\u001b[22m\n\u001b[2m    \u001b[0m \u001b[90m 10 | \u001b[39m      \u001b[33m<\u001b[39m\u001b[33mSubscriptionContainer\u001b[39m\u001b[33m>\u001b[39m\u001b[33mHello\u001b[39m \u001b[33mWorld\u001b[39m\u001b[33m!\u001b[39m\u001b[33m<\u001b[39m\u001b[33m/\u001b[39m\u001b[33mSubscriptionContainer\u001b[39m\u001b[33m>\u001b[39m\u001b[0m\u001b[22m\n\u001b[2m    \u001b[0m \u001b[90m 11 | \u001b[39m    )\u001b[33m;\u001b[39m\u001b[0m\u001b[22m\n\u001b[2m    \u001b[0m\u001b[31m\u001b[1m>\u001b[2m\u001b[39m\u001b[90m 12 | \u001b[39m    expect(app\u001b[33m.\u001b[39mfind(\u001b[32m\"p\"\u001b[39m)\u001b[33m.\u001b[39mtext())\u001b[33m.\u001b[39mtoStrictEqual(\u001b[32m\"Hello World!\"\u001b[39m)\u001b[33m;\u001b[39m\u001b[0m\u001b[22m\n\u001b[2m    \u001b[0m \u001b[90m    | \u001b[39m                                 \u001b[31m\u001b[1m^\u001b[2m\u001b[39m\u001b[0m\u001b[22m\n\u001b[2m    \u001b[0m \u001b[90m 13 | \u001b[39m  })\u001b[33m;\u001b[39m\u001b[0m\u001b[22m\n\u001b[2m    \u001b[0m \u001b[90m 14 | \u001b[39m})\u001b[33m;\u001b[39m\u001b[0m\u001b[22m\n\u001b[2m    \u001b[0m \u001b[90m 15 | \u001b[39m\u001b[0m\u001b[22m\n\u001b[2m\u001b[22m\n\u001b[2m      \u001b[2mat Object.toStrictEqual (\u001b[2m\u001b[0m\u001b[36msrc/layouts/SubscriptionContainer/SubscriptionContainer.test.js\u001b[39m\u001b[0m\u001b[2m:12:34)\u001b[2m\u001b[22m\n","name":"/Users/einaralex/Development/Projects/Spez/src/layouts/SubscriptionContainer/SubscriptionContainer.test.js","startTime":1606598921478,"status":"failed","summary":""},{"assertionResults":[{"ancestorTitles":["With Enzyme"],"failureMessages":["Error: could not find react-redux context value; please ensure the component is wrapped in a <Provider>\n    at useReduxContext (/Users/einaralex/Development/Projects/Spez/node_modules/react-redux/lib/hooks/useReduxContext.js:30:11)\n    at useStore (/Users/einaralex/Development/Projects/Spez/node_modules/react-redux/lib/hooks/useStore.js:28:28)\n    at FrontPageContainer (/Users/einaralex/Development/Projects/Spez/src/layouts/FrontPageContainer/FrontPageContainer.js:22:17)\n    at Component (/Users/einaralex/Development/Projects/Spez/node_modules/enzyme-adapter-react-16/src/ReactSixteenAdapter.js:560:33)\n    at ReactShallowRenderer.render (/Users/einaralex/Development/Projects/Spez/node_modules/react-test-renderer/cjs/react-test-renderer-shallow.development.js:758:32)\n    at render (/Users/einaralex/Development/Projects/Spez/node_modules/enzyme-adapter-react-16/src/ReactSixteenAdapter.js:636:55)\n    at fn (/Users/einaralex/Development/Projects/Spez/node_modules/enzyme-adapter-utils/src/Utils.js:99:18)\n    at Object.render (/Users/einaralex/Development/Projects/Spez/node_modules/enzyme-adapter-react-16/src/ReactSixteenAdapter.js:636:20)\n    at new render (/Users/einaralex/Development/Projects/Spez/node_modules/enzyme/src/ShallowWrapper.js:397:22)\n    at shallow (/Users/einaralex/Development/Projects/Spez/node_modules/enzyme/src/shallow.js:10:10)"],"fullName":"With Enzyme component shows \"Hello world!\"","location":null,"status":"failed","title":"component shows \"Hello world!\""},{"ancestorTitles":["With Snapshot Testing"],"failureMessages":["Error: could not find react-redux context value; please ensure the component is wrapped in a <Provider>\n    at useReduxContext (/Users/einaralex/Development/Projects/Spez/node_modules/react-redux/lib/hooks/useReduxContext.js:30:11)\n    at useStore (/Users/einaralex/Development/Projects/Spez/node_modules/react-redux/lib/hooks/useStore.js:28:28)\n    at FrontPageContainer (/Users/einaralex/Development/Projects/Spez/src/layouts/FrontPageContainer/FrontPageContainer.js:22:17)\n    at renderWithHooks (/Users/einaralex/Development/Projects/Spez/node_modules/react-test-renderer/cjs/react-test-renderer.development.js:5036:18)\n    at mountIndeterminateComponent (/Users/einaralex/Development/Projects/Spez/node_modules/react-test-renderer/cjs/react-test-renderer.development.js:7118:13)\n    at beginWork (/Users/einaralex/Development/Projects/Spez/node_modules/react-test-renderer/cjs/react-test-renderer.development.js:7723:16)\n    at performUnitOfWork (/Users/einaralex/Development/Projects/Spez/node_modules/react-test-renderer/cjs/react-test-renderer.development.js:11413:12)\n    at workLoop (/Users/einaralex/Development/Projects/Spez/node_modules/react-test-renderer/cjs/react-test-renderer.development.js:11445:24)\n    at renderRoot (/Users/einaralex/Development/Projects/Spez/node_modules/react-test-renderer/cjs/react-test-renderer.development.js:11528:7)\n    at performWorkOnRoot (/Users/einaralex/Development/Projects/Spez/node_modules/react-test-renderer/cjs/react-test-renderer.development.js:12416:7)"],"fullName":"With Snapshot Testing app shows \"Hello world!\"","location":null,"status":"failed","title":"app shows \"Hello world!\""}],"endTime":1606598928144,"message":"\u001b[1m\u001b[31m  \u001b[1m● \u001b[1mWith Enzyme › component shows \"Hello world!\"\u001b[39m\u001b[22m\n\n    could not find react-redux context value; please ensure the component is wrapped in a <Provider>\n\u001b[2m\u001b[22m\n\u001b[2m    \u001b[0m \u001b[90m 20 | \u001b[39m  \u001b[36mconst\u001b[39m [isMobile\u001b[33m,\u001b[39m setMobile] \u001b[33m=\u001b[39m useState(undefined)\u001b[33m;\u001b[39m\u001b[0m\u001b[22m\n\u001b[2m    \u001b[0m \u001b[90m 21 | \u001b[39m\u001b[0m\u001b[22m\n\u001b[2m    \u001b[0m\u001b[31m\u001b[1m>\u001b[2m\u001b[39m\u001b[90m 22 | \u001b[39m  \u001b[36mconst\u001b[39m store \u001b[33m=\u001b[39m useStore()\u001b[33m;\u001b[39m\u001b[0m\u001b[22m\n\u001b[2m    \u001b[0m \u001b[90m    | \u001b[39m                \u001b[31m\u001b[1m^\u001b[2m\u001b[39m\u001b[0m\u001b[22m\n\u001b[2m    \u001b[0m \u001b[90m 23 | \u001b[39m\u001b[0m\u001b[22m\n\u001b[2m    \u001b[0m \u001b[90m 24 | \u001b[39m  useEffect(() \u001b[33m=>\u001b[39m {\u001b[0m\u001b[22m\n\u001b[2m    \u001b[0m \u001b[90m 25 | \u001b[39m    setMobile(windowWidth \u001b[33m<\u001b[39m screensizes\u001b[33m.\u001b[39mtabletsLandscape)\u001b[33m;\u001b[39m\u001b[0m\u001b[22m\n\u001b[2m\u001b[22m\n\u001b[2m      \u001b[2mat useReduxContext (\u001b[2mnode_modules/react-redux/lib/hooks/useReduxContext.js\u001b[2m:30:11)\u001b[2m\u001b[22m\n\u001b[2m      \u001b[2mat useStore (\u001b[2mnode_modules/react-redux/lib/hooks/useStore.js\u001b[2m:28:28)\u001b[2m\u001b[22m\n\u001b[2m      \u001b[2mat FrontPageContainer (\u001b[2msrc/layouts/FrontPageContainer/FrontPageContainer.js\u001b[2m:22:17)\u001b[2m\u001b[22m\n\u001b[2m      \u001b[2mat Component (\u001b[2mnode_modules/enzyme-adapter-react-16/src/ReactSixteenAdapter.js\u001b[2m:560:33)\u001b[2m\u001b[22m\n\u001b[2m      \u001b[2mat ReactShallowRenderer.render (\u001b[2mnode_modules/react-test-renderer/cjs/react-test-renderer-shallow.development.js\u001b[2m:758:32)\u001b[2m\u001b[22m\n\u001b[2m      \u001b[2mat render (\u001b[2mnode_modules/enzyme-adapter-react-16/src/ReactSixteenAdapter.js\u001b[2m:636:55)\u001b[2m\u001b[22m\n\u001b[2m      \u001b[2mat fn (\u001b[2mnode_modules/enzyme-adapter-utils/src/Utils.js\u001b[2m:99:18)\u001b[2m\u001b[22m\n\u001b[2m      \u001b[2mat Object.render (\u001b[2mnode_modules/enzyme-adapter-react-16/src/ReactSixteenAdapter.js\u001b[2m:636:20)\u001b[2m\u001b[22m\n\u001b[2m      \u001b[2mat new render (\u001b[2mnode_modules/enzyme/src/ShallowWrapper.js\u001b[2m:397:22)\u001b[2m\u001b[22m\n\u001b[2m      \u001b[2mat shallow (\u001b[2mnode_modules/enzyme/src/shallow.js\u001b[2m:10:10)\u001b[2m\u001b[22m\n\n\u001b[1m\u001b[31m  \u001b[1m● \u001b[1mWith Snapshot Testing › app shows \"Hello world!\"\u001b[39m\u001b[22m\n\n    could not find react-redux context value; please ensure the component is wrapped in a <Provider>\n\u001b[2m\u001b[22m\n\u001b[2m    \u001b[0m \u001b[90m 20 | \u001b[39m  \u001b[36mconst\u001b[39m [isMobile\u001b[33m,\u001b[39m setMobile] \u001b[33m=\u001b[39m useState(undefined)\u001b[33m;\u001b[39m\u001b[0m\u001b[22m\n\u001b[2m    \u001b[0m \u001b[90m 21 | \u001b[39m\u001b[0m\u001b[22m\n\u001b[2m    \u001b[0m\u001b[31m\u001b[1m>\u001b[2m\u001b[39m\u001b[90m 22 | \u001b[39m  \u001b[36mconst\u001b[39m store \u001b[33m=\u001b[39m useStore()\u001b[33m;\u001b[39m\u001b[0m\u001b[22m\n\u001b[2m    \u001b[0m \u001b[90m    | \u001b[39m                \u001b[31m\u001b[1m^\u001b[2m\u001b[39m\u001b[0m\u001b[22m\n\u001b[2m    \u001b[0m \u001b[90m 23 | \u001b[39m\u001b[0m\u001b[22m\n\u001b[2m    \u001b[0m \u001b[90m 24 | \u001b[39m  useEffect(() \u001b[33m=>\u001b[39m {\u001b[0m\u001b[22m\n\u001b[2m    \u001b[0m \u001b[90m 25 | \u001b[39m    setMobile(windowWidth \u001b[33m<\u001b[39m screensizes\u001b[33m.\u001b[39mtabletsLandscape)\u001b[33m;\u001b[39m\u001b[0m\u001b[22m\n\u001b[2m\u001b[22m\n\u001b[2m      \u001b[2mat useReduxContext (\u001b[2mnode_modules/react-redux/lib/hooks/useReduxContext.js\u001b[2m:30:11)\u001b[2m\u001b[22m\n\u001b[2m      \u001b[2mat useStore (\u001b[2mnode_modules/react-redux/lib/hooks/useStore.js\u001b[2m:28:28)\u001b[2m\u001b[22m\n\u001b[2m      \u001b[2mat FrontPageContainer (\u001b[2msrc/layouts/FrontPageContainer/FrontPageContainer.js\u001b[2m:22:17)\u001b[2m\u001b[22m\n\u001b[2m      \u001b[2mat renderWithHooks (\u001b[2mnode_modules/react-test-renderer/cjs/react-test-renderer.development.js\u001b[2m:5036:18)\u001b[2m\u001b[22m\n\u001b[2m      \u001b[2mat mountIndeterminateComponent (\u001b[2mnode_modules/react-test-renderer/cjs/react-test-renderer.development.js\u001b[2m:7118:13)\u001b[2m\u001b[22m\n\u001b[2m      \u001b[2mat beginWork (\u001b[2mnode_modules/react-test-renderer/cjs/react-test-renderer.development.js\u001b[2m:7723:16)\u001b[2m\u001b[22m\n\u001b[2m      \u001b[2mat performUnitOfWork (\u001b[2mnode_modules/react-test-renderer/cjs/react-test-renderer.development.js\u001b[2m:11413:12)\u001b[2m\u001b[22m\n\u001b[2m      \u001b[2mat workLoop (\u001b[2mnode_modules/react-test-renderer/cjs/react-test-renderer.development.js\u001b[2m:11445:24)\u001b[2m\u001b[22m\n\u001b[2m      \u001b[2mat renderRoot (\u001b[2mnode_modules/react-test-renderer/cjs/react-test-renderer.development.js\u001b[2m:11528:7)\u001b[2m\u001b[22m\n\u001b[2m      \u001b[2mat performWorkOnRoot (\u001b[2mnode_modules/react-test-renderer/cjs/react-test-renderer.development.js\u001b[2m:12416:7)\u001b[2m\u001b[22m\n","name":"/Users/einaralex/Development/Projects/Spez/src/layouts/FrontPageContainer/FrontPageContainer.test.js","startTime":1606598921491,"status":"failed","summary":""},{"assertionResults":[{"ancestorTitles":["With Enzyme"],"failureMessages":["Error: could not find react-redux context value; please ensure the component is wrapped in a <Provider>\n    at useReduxContext (/Users/einaralex/Development/Projects/Spez/node_modules/react-redux/lib/hooks/useReduxContext.js:30:11)\n    at useStore (/Users/einaralex/Development/Projects/Spez/node_modules/react-redux/lib/hooks/useStore.js:28:28)\n    at useDispatch (/Users/einaralex/Development/Projects/Spez/node_modules/react-redux/lib/hooks/useDispatch.js:24:17)\n    at LoginFormContainer (/Users/einaralex/Development/Projects/Spez/src/layouts/LoginFormContainer/LoginFormContainer.tsx:12:20)\n    at ReactShallowRenderer.render (/Users/einaralex/Development/Projects/Spez/node_modules/react-test-renderer/cjs/react-test-renderer-shallow.development.js:758:32)\n    at render (/Users/einaralex/Development/Projects/Spez/node_modules/enzyme-adapter-react-16/src/ReactSixteenAdapter.js:636:55)\n    at fn (/Users/einaralex/Development/Projects/Spez/node_modules/enzyme-adapter-utils/src/Utils.js:99:18)\n    at Object.render (/Users/einaralex/Development/Projects/Spez/node_modules/enzyme-adapter-react-16/src/ReactSixteenAdapter.js:636:20)\n    at new render (/Users/einaralex/Development/Projects/Spez/node_modules/enzyme/src/ShallowWrapper.js:397:22)\n    at shallow (/Users/einaralex/Development/Projects/Spez/node_modules/enzyme/src/shallow.js:10:10)"],"fullName":"With Enzyme component shows \"Hello world!\"","location":null,"status":"failed","title":"component shows \"Hello world!\""},{"ancestorTitles":["With Snapshot Testing"],"failureMessages":["Error: could not find react-redux context value; please ensure the component is wrapped in a <Provider>\n    at useReduxContext (/Users/einaralex/Development/Projects/Spez/node_modules/react-redux/lib/hooks/useReduxContext.js:30:11)\n    at useStore (/Users/einaralex/Development/Projects/Spez/node_modules/react-redux/lib/hooks/useStore.js:28:28)\n    at useDispatch (/Users/einaralex/Development/Projects/Spez/node_modules/react-redux/lib/hooks/useDispatch.js:24:17)\n    at LoginFormContainer (/Users/einaralex/Development/Projects/Spez/src/layouts/LoginFormContainer/LoginFormContainer.tsx:12:20)\n    at renderWithHooks (/Users/einaralex/Development/Projects/Spez/node_modules/react-test-renderer/cjs/react-test-renderer.development.js:5036:18)\n    at mountIndeterminateComponent (/Users/einaralex/Development/Projects/Spez/node_modules/react-test-renderer/cjs/react-test-renderer.development.js:7118:13)\n    at beginWork (/Users/einaralex/Development/Projects/Spez/node_modules/react-test-renderer/cjs/react-test-renderer.development.js:7723:16)\n    at performUnitOfWork (/Users/einaralex/Development/Projects/Spez/node_modules/react-test-renderer/cjs/react-test-renderer.development.js:11413:12)\n    at workLoop (/Users/einaralex/Development/Projects/Spez/node_modules/react-test-renderer/cjs/react-test-renderer.development.js:11445:24)\n    at renderRoot (/Users/einaralex/Development/Projects/Spez/node_modules/react-test-renderer/cjs/react-test-renderer.development.js:11528:7)"],"fullName":"With Snapshot Testing app shows \"Hello world!\"","location":null,"status":"failed","title":"app shows \"Hello world!\""}],"endTime":1606598928250,"message":"\u001b[1m\u001b[31m  \u001b[1m● \u001b[1mWith Enzyme › component shows \"Hello world!\"\u001b[39m\u001b[22m\n\n    could not find react-redux context value; please ensure the component is wrapped in a <Provider>\n\u001b[2m\u001b[22m\n\u001b[2m    \u001b[0m \u001b[90m 10 | \u001b[39m\u001b[0m\u001b[22m\n\u001b[2m    \u001b[0m \u001b[90m 11 | \u001b[39m\u001b[36mconst\u001b[39m \u001b[33mLoginFormContainer\u001b[39m \u001b[33m=\u001b[39m ()\u001b[33m:\u001b[39m \u001b[33mReact\u001b[39m\u001b[33m.\u001b[39m\u001b[33mReactElement\u001b[39m \u001b[33m=>\u001b[39m {\u001b[0m\u001b[22m\n\u001b[2m    \u001b[0m\u001b[31m\u001b[1m>\u001b[2m\u001b[39m\u001b[90m 12 | \u001b[39m  \u001b[36mconst\u001b[39m dispatch \u001b[33m=\u001b[39m useDispatch()\u001b[33m;\u001b[39m\u001b[0m\u001b[22m\n\u001b[2m    \u001b[0m \u001b[90m    | \u001b[39m                   \u001b[31m\u001b[1m^\u001b[2m\u001b[39m\u001b[0m\u001b[22m\n\u001b[2m    \u001b[0m \u001b[90m 13 | \u001b[39m  \u001b[36mconst\u001b[39m store \u001b[33m=\u001b[39m useSelector((state) \u001b[33m=>\u001b[39m state)\u001b[33m;\u001b[39m\u001b[0m\u001b[22m\n\u001b[2m    \u001b[0m \u001b[90m 14 | \u001b[39m\u001b[0m\u001b[22m\n\u001b[2m    \u001b[0m \u001b[90m 15 | \u001b[39m  \u001b[36mconst\u001b[39m [errorMessage\u001b[33m,\u001b[39m setErrorMessage] \u001b[33m=\u001b[39m useState(\u001b[32m\"\"\u001b[39m)\u001b[33m;\u001b[39m\u001b[0m\u001b[22m\n\u001b[2m\u001b[22m\n\u001b[2m      \u001b[2mat useReduxContext (\u001b[2mnode_modules/react-redux/lib/hooks/useReduxContext.js\u001b[2m:30:11)\u001b[2m\u001b[22m\n\u001b[2m      \u001b[2mat useStore (\u001b[2mnode_modules/react-redux/lib/hooks/useStore.js\u001b[2m:28:28)\u001b[2m\u001b[22m\n\u001b[2m      \u001b[2mat useDispatch (\u001b[2mnode_modules/react-redux/lib/hooks/useDispatch.js\u001b[2m:24:17)\u001b[2m\u001b[22m\n\u001b[2m      \u001b[2mat LoginFormContainer (\u001b[2msrc/layouts/LoginFormContainer/LoginFormContainer.tsx\u001b[2m:12:20)\u001b[2m\u001b[22m\n\u001b[2m      \u001b[2mat ReactShallowRenderer.render (\u001b[2mnode_modules/react-test-renderer/cjs/react-test-renderer-shallow.development.js\u001b[2m:758:32)\u001b[2m\u001b[22m\n\u001b[2m      \u001b[2mat render (\u001b[2mnode_modules/enzyme-adapter-react-16/src/ReactSixteenAdapter.js\u001b[2m:636:55)\u001b[2m\u001b[22m\n\u001b[2m      \u001b[2mat fn (\u001b[2mnode_modules/enzyme-adapter-utils/src/Utils.js\u001b[2m:99:18)\u001b[2m\u001b[22m\n\u001b[2m      \u001b[2mat Object.render (\u001b[2mnode_modules/enzyme-adapter-react-16/src/ReactSixteenAdapter.js\u001b[2m:636:20)\u001b[2m\u001b[22m\n\u001b[2m      \u001b[2mat new render (\u001b[2mnode_modules/enzyme/src/ShallowWrapper.js\u001b[2m:397:22)\u001b[2m\u001b[22m\n\u001b[2m      \u001b[2mat shallow (\u001b[2mnode_modules/enzyme/src/shallow.js\u001b[2m:10:10)\u001b[2m\u001b[22m\n\n\u001b[1m\u001b[31m  \u001b[1m● \u001b[1mWith Snapshot Testing › app shows \"Hello world!\"\u001b[39m\u001b[22m\n\n    could not find react-redux context value; please ensure the component is wrapped in a <Provider>\n\u001b[2m\u001b[22m\n\u001b[2m    \u001b[0m \u001b[90m 10 | \u001b[39m\u001b[0m\u001b[22m\n\u001b[2m    \u001b[0m \u001b[90m 11 | \u001b[39m\u001b[36mconst\u001b[39m \u001b[33mLoginFormContainer\u001b[39m \u001b[33m=\u001b[39m ()\u001b[33m:\u001b[39m \u001b[33mReact\u001b[39m\u001b[33m.\u001b[39m\u001b[33mReactElement\u001b[39m \u001b[33m=>\u001b[39m {\u001b[0m\u001b[22m\n\u001b[2m    \u001b[0m\u001b[31m\u001b[1m>\u001b[2m\u001b[39m\u001b[90m 12 | \u001b[39m  \u001b[36mconst\u001b[39m dispatch \u001b[33m=\u001b[39m useDispatch()\u001b[33m;\u001b[39m\u001b[0m\u001b[22m\n\u001b[2m    \u001b[0m \u001b[90m    | \u001b[39m                   \u001b[31m\u001b[1m^\u001b[2m\u001b[39m\u001b[0m\u001b[22m\n\u001b[2m    \u001b[0m \u001b[90m 13 | \u001b[39m  \u001b[36mconst\u001b[39m store \u001b[33m=\u001b[39m useSelector((state) \u001b[33m=>\u001b[39m state)\u001b[33m;\u001b[39m\u001b[0m\u001b[22m\n\u001b[2m    \u001b[0m \u001b[90m 14 | \u001b[39m\u001b[0m\u001b[22m\n\u001b[2m    \u001b[0m \u001b[90m 15 | \u001b[39m  \u001b[36mconst\u001b[39m [errorMessage\u001b[33m,\u001b[39m setErrorMessage] \u001b[33m=\u001b[39m useState(\u001b[32m\"\"\u001b[39m)\u001b[33m;\u001b[39m\u001b[0m\u001b[22m\n\u001b[2m\u001b[22m\n\u001b[2m      \u001b[2mat useReduxContext (\u001b[2mnode_modules/react-redux/lib/hooks/useReduxContext.js\u001b[2m:30:11)\u001b[2m\u001b[22m\n\u001b[2m      \u001b[2mat useStore (\u001b[2mnode_modules/react-redux/lib/hooks/useStore.js\u001b[2m:28:28)\u001b[2m\u001b[22m\n\u001b[2m      \u001b[2mat useDispatch (\u001b[2mnode_modules/react-redux/lib/hooks/useDispatch.js\u001b[2m:24:17)\u001b[2m\u001b[22m\n\u001b[2m      \u001b[2mat LoginFormContainer (\u001b[2msrc/layouts/LoginFormContainer/LoginFormContainer.tsx\u001b[2m:12:20)\u001b[2m\u001b[22m\n\u001b[2m      \u001b[2mat renderWithHooks (\u001b[2mnode_modules/react-test-renderer/cjs/react-test-renderer.development.js\u001b[2m:5036:18)\u001b[2m\u001b[22m\n\u001b[2m      \u001b[2mat mountIndeterminateComponent (\u001b[2mnode_modules/react-test-renderer/cjs/react-test-renderer.development.js\u001b[2m:7118:13)\u001b[2m\u001b[22m\n\u001b[2m      \u001b[2mat beginWork (\u001b[2mnode_modules/react-test-renderer/cjs/react-test-renderer.development.js\u001b[2m:7723:16)\u001b[2m\u001b[22m\n\u001b[2m      \u001b[2mat performUnitOfWork (\u001b[2mnode_modules/react-test-renderer/cjs/react-test-renderer.development.js\u001b[2m:11413:12)\u001b[2m\u001b[22m\n\u001b[2m      \u001b[2mat workLoop (\u001b[2mnode_modules/react-test-renderer/cjs/react-test-renderer.development.js\u001b[2m:11445:24)\u001b[2m\u001b[22m\n\u001b[2m      \u001b[2mat renderRoot (\u001b[2mnode_modules/react-test-renderer/cjs/react-test-renderer.development.js\u001b[2m:11528:7)\u001b[2m\u001b[22m\n","name":"/Users/einaralex/Development/Projects/Spez/src/layouts/LoginFormContainer/LoginFormContainer.test.js","startTime":1606598921484,"status":"failed","summary":""},{"assertionResults":[{"ancestorTitles":["With Enzyme"],"failureMessages":["Error: could not find react-redux context value; please ensure the component is wrapped in a <Provider>\n    at useReduxContext (/Users/einaralex/Development/Projects/Spez/node_modules/react-redux/lib/hooks/useReduxContext.js:30:11)\n    at useSelector (/Users/einaralex/Development/Projects/Spez/node_modules/react-redux/lib/hooks/useSelector.js:111:28)\n    at RegisterContainer (/Users/einaralex/Development/Projects/Spez/src/layouts/RegisterContainer/RegisterContainer.js:14:17)\n    at Component (/Users/einaralex/Development/Projects/Spez/node_modules/enzyme-adapter-react-16/src/ReactSixteenAdapter.js:560:33)\n    at ReactShallowRenderer.render (/Users/einaralex/Development/Projects/Spez/node_modules/react-test-renderer/cjs/react-test-renderer-shallow.development.js:758:32)\n    at render (/Users/einaralex/Development/Projects/Spez/node_modules/enzyme-adapter-react-16/src/ReactSixteenAdapter.js:636:55)\n    at fn (/Users/einaralex/Development/Projects/Spez/node_modules/enzyme-adapter-utils/src/Utils.js:99:18)\n    at Object.render (/Users/einaralex/Development/Projects/Spez/node_modules/enzyme-adapter-react-16/src/ReactSixteenAdapter.js:636:20)\n    at new render (/Users/einaralex/Development/Projects/Spez/node_modules/enzyme/src/ShallowWrapper.js:397:22)\n    at shallow (/Users/einaralex/Development/Projects/Spez/node_modules/enzyme/src/shallow.js:10:10)"],"fullName":"With Enzyme component shows \"Hello world!\"","location":null,"status":"failed","title":"component shows \"Hello world!\""},{"ancestorTitles":["With Snapshot Testing"],"failureMessages":["Error: could not find react-redux context value; please ensure the component is wrapped in a <Provider>\n    at useReduxContext (/Users/einaralex/Development/Projects/Spez/node_modules/react-redux/lib/hooks/useReduxContext.js:30:11)\n    at useSelector (/Users/einaralex/Development/Projects/Spez/node_modules/react-redux/lib/hooks/useSelector.js:111:28)\n    at RegisterContainer (/Users/einaralex/Development/Projects/Spez/src/layouts/RegisterContainer/RegisterContainer.js:14:17)\n    at renderWithHooks (/Users/einaralex/Development/Projects/Spez/node_modules/react-test-renderer/cjs/react-test-renderer.development.js:5036:18)\n    at mountIndeterminateComponent (/Users/einaralex/Development/Projects/Spez/node_modules/react-test-renderer/cjs/react-test-renderer.development.js:7118:13)\n    at beginWork (/Users/einaralex/Development/Projects/Spez/node_modules/react-test-renderer/cjs/react-test-renderer.development.js:7723:16)\n    at performUnitOfWork (/Users/einaralex/Development/Projects/Spez/node_modules/react-test-renderer/cjs/react-test-renderer.development.js:11413:12)\n    at workLoop (/Users/einaralex/Development/Projects/Spez/node_modules/react-test-renderer/cjs/react-test-renderer.development.js:11445:24)\n    at renderRoot (/Users/einaralex/Development/Projects/Spez/node_modules/react-test-renderer/cjs/react-test-renderer.development.js:11528:7)\n    at performWorkOnRoot (/Users/einaralex/Development/Projects/Spez/node_modules/react-test-renderer/cjs/react-test-renderer.development.js:12416:7)"],"fullName":"With Snapshot Testing app shows \"Hello world!\"","location":null,"status":"failed","title":"app shows \"Hello world!\""}],"endTime":1606598928278,"message":"\u001b[1m\u001b[31m  \u001b[1m● \u001b[1mWith Enzyme › component shows \"Hello world!\"\u001b[39m\u001b[22m\n\n    could not find react-redux context value; please ensure the component is wrapped in a <Provider>\n\u001b[2m\u001b[22m\n\u001b[2m    \u001b[0m \u001b[90m 12 | \u001b[39m  \u001b[36mconst\u001b[39m [errorMessage\u001b[33m,\u001b[39m setErrorMessage] \u001b[33m=\u001b[39m useState(undefined)\u001b[33m;\u001b[39m\u001b[0m\u001b[22m\n\u001b[2m    \u001b[0m \u001b[90m 13 | \u001b[39m  \u001b[36mconst\u001b[39m [isBeingLoggedIn\u001b[33m,\u001b[39m setIsBeingLoggedIn] \u001b[33m=\u001b[39m useState(\u001b[36mfalse\u001b[39m)\u001b[33m;\u001b[39m\u001b[0m\u001b[22m\n\u001b[2m    \u001b[0m\u001b[31m\u001b[1m>\u001b[2m\u001b[39m\u001b[90m 14 | \u001b[39m  \u001b[36mconst\u001b[39m store \u001b[33m=\u001b[39m useSelector((state) \u001b[33m=>\u001b[39m state)\u001b[33m;\u001b[39m\u001b[0m\u001b[22m\n\u001b[2m    \u001b[0m \u001b[90m    | \u001b[39m                \u001b[31m\u001b[1m^\u001b[2m\u001b[39m\u001b[0m\u001b[22m\n\u001b[2m    \u001b[0m \u001b[90m 15 | \u001b[39m  \u001b[36mconst\u001b[39m { users } \u001b[33m=\u001b[39m store\u001b[33m;\u001b[39m\u001b[0m\u001b[22m\n\u001b[2m    \u001b[0m \u001b[90m 16 | \u001b[39m\u001b[0m\u001b[22m\n\u001b[2m    \u001b[0m \u001b[90m 17 | \u001b[39m  \u001b[36mconst\u001b[39m dispatch \u001b[33m=\u001b[39m useDispatch()\u001b[33m;\u001b[39m\u001b[0m\u001b[22m\n\u001b[2m\u001b[22m\n\u001b[2m      \u001b[2mat useReduxContext (\u001b[2mnode_modules/react-redux/lib/hooks/useReduxContext.js\u001b[2m:30:11)\u001b[2m\u001b[22m\n\u001b[2m      \u001b[2mat useSelector (\u001b[2mnode_modules/react-redux/lib/hooks/useSelector.js\u001b[2m:111:28)\u001b[2m\u001b[22m\n\u001b[2m      \u001b[2mat RegisterContainer (\u001b[2msrc/layouts/RegisterContainer/RegisterContainer.js\u001b[2m:14:17)\u001b[2m\u001b[22m\n\u001b[2m      \u001b[2mat Component (\u001b[2mnode_modules/enzyme-adapter-react-16/src/ReactSixteenAdapter.js\u001b[2m:560:33)\u001b[2m\u001b[22m\n\u001b[2m      \u001b[2mat ReactShallowRenderer.render (\u001b[2mnode_modules/react-test-renderer/cjs/react-test-renderer-shallow.development.js\u001b[2m:758:32)\u001b[2m\u001b[22m\n\u001b[2m      \u001b[2mat render (\u001b[2mnode_modules/enzyme-adapter-react-16/src/ReactSixteenAdapter.js\u001b[2m:636:55)\u001b[2m\u001b[22m\n\u001b[2m      \u001b[2mat fn (\u001b[2mnode_modules/enzyme-adapter-utils/src/Utils.js\u001b[2m:99:18)\u001b[2m\u001b[22m\n\u001b[2m      \u001b[2mat Object.render (\u001b[2mnode_modules/enzyme-adapter-react-16/src/ReactSixteenAdapter.js\u001b[2m:636:20)\u001b[2m\u001b[22m\n\u001b[2m      \u001b[2mat new render (\u001b[2mnode_modules/enzyme/src/ShallowWrapper.js\u001b[2m:397:22)\u001b[2m\u001b[22m\n\u001b[2m      \u001b[2mat shallow (\u001b[2mnode_modules/enzyme/src/shallow.js\u001b[2m:10:10)\u001b[2m\u001b[22m\n\n\u001b[1m\u001b[31m  \u001b[1m● \u001b[1mWith Snapshot Testing › app shows \"Hello world!\"\u001b[39m\u001b[22m\n\n    could not find react-redux context value; please ensure the component is wrapped in a <Provider>\n\u001b[2m\u001b[22m\n\u001b[2m    \u001b[0m \u001b[90m 12 | \u001b[39m  \u001b[36mconst\u001b[39m [errorMessage\u001b[33m,\u001b[39m setErrorMessage] \u001b[33m=\u001b[39m useState(undefined)\u001b[33m;\u001b[39m\u001b[0m\u001b[22m\n\u001b[2m    \u001b[0m \u001b[90m 13 | \u001b[39m  \u001b[36mconst\u001b[39m [isBeingLoggedIn\u001b[33m,\u001b[39m setIsBeingLoggedIn] \u001b[33m=\u001b[39m useState(\u001b[36mfalse\u001b[39m)\u001b[33m;\u001b[39m\u001b[0m\u001b[22m\n\u001b[2m    \u001b[0m\u001b[31m\u001b[1m>\u001b[2m\u001b[39m\u001b[90m 14 | \u001b[39m  \u001b[36mconst\u001b[39m store \u001b[33m=\u001b[39m useSelector((state) \u001b[33m=>\u001b[39m state)\u001b[33m;\u001b[39m\u001b[0m\u001b[22m\n\u001b[2m    \u001b[0m \u001b[90m    | \u001b[39m                \u001b[31m\u001b[1m^\u001b[2m\u001b[39m\u001b[0m\u001b[22m\n\u001b[2m    \u001b[0m \u001b[90m 15 | \u001b[39m  \u001b[36mconst\u001b[39m { users } \u001b[33m=\u001b[39m store\u001b[33m;\u001b[39m\u001b[0m\u001b[22m\n\u001b[2m    \u001b[0m \u001b[90m 16 | \u001b[39m\u001b[0m\u001b[22m\n\u001b[2m    \u001b[0m \u001b[90m 17 | \u001b[39m  \u001b[36mconst\u001b[39m dispatch \u001b[33m=\u001b[39m useDispatch()\u001b[33m;\u001b[39m\u001b[0m\u001b[22m\n\u001b[2m\u001b[22m\n\u001b[2m      \u001b[2mat useReduxContext (\u001b[2mnode_modules/react-redux/lib/hooks/useReduxContext.js\u001b[2m:30:11)\u001b[2m\u001b[22m\n\u001b[2m      \u001b[2mat useSelector (\u001b[2mnode_modules/react-redux/lib/hooks/useSelector.js\u001b[2m:111:28)\u001b[2m\u001b[22m\n\u001b[2m      \u001b[2mat RegisterContainer (\u001b[2msrc/layouts/RegisterContainer/RegisterContainer.js\u001b[2m:14:17)\u001b[2m\u001b[22m\n\u001b[2m      \u001b[2mat renderWithHooks (\u001b[2mnode_modules/react-test-renderer/cjs/react-test-renderer.development.js\u001b[2m:5036:18)\u001b[2m\u001b[22m\n\u001b[2m      \u001b[2mat mountIndeterminateComponent (\u001b[2mnode_modules/react-test-renderer/cjs/react-test-renderer.development.js\u001b[2m:7118:13)\u001b[2m\u001b[22m\n\u001b[2m      \u001b[2mat beginWork (\u001b[2mnode_modules/react-test-renderer/cjs/react-test-renderer.development.js\u001b[2m:7723:16)\u001b[2m\u001b[22m\n\u001b[2m      \u001b[2mat performUnitOfWork (\u001b[2mnode_modules/react-test-renderer/cjs/react-test-renderer.development.js\u001b[2m:11413:12)\u001b[2m\u001b[22m\n\u001b[2m      \u001b[2mat workLoop (\u001b[2mnode_modules/react-test-renderer/cjs/react-test-renderer.development.js\u001b[2m:11445:24)\u001b[2m\u001b[22m\n\u001b[2m      \u001b[2mat renderRoot (\u001b[2mnode_modules/react-test-renderer/cjs/react-test-renderer.development.js\u001b[2m:11528:7)\u001b[2m\u001b[22m\n\u001b[2m      \u001b[2mat performWorkOnRoot (\u001b[2mnode_modules/react-test-renderer/cjs/react-test-renderer.development.js\u001b[2m:12416:7)\u001b[2m\u001b[22m\n","name":"/Users/einaralex/Development/Projects/Spez/src/layouts/RegisterContainer/RegisterContainer.test.js","startTime":1606598921485,"status":"failed","summary":""},{"assertionResults":[{"ancestorTitles":["With Enzyme"],"failureMessages":["Error: could not find react-redux context value; please ensure the component is wrapped in a <Provider>\n    at useReduxContext (/Users/einaralex/Development/Projects/Spez/node_modules/react-redux/lib/hooks/useReduxContext.js:30:11)\n    at useStore (/Users/einaralex/Development/Projects/Spez/node_modules/react-redux/lib/hooks/useStore.js:28:28)\n    at useDispatch (/Users/einaralex/Development/Projects/Spez/node_modules/react-redux/lib/hooks/useDispatch.js:24:17)\n    at DragableCardContainer (/Users/einaralex/Development/Projects/Spez/src/layouts/DragableCardContainer/DragableCardContainer.js:41:20)\n    at Component (/Users/einaralex/Development/Projects/Spez/node_modules/enzyme-adapter-react-16/src/ReactSixteenAdapter.js:560:33)\n    at ReactShallowRenderer.render (/Users/einaralex/Development/Projects/Spez/node_modules/react-test-renderer/cjs/react-test-renderer-shallow.development.js:758:32)\n    at render (/Users/einaralex/Development/Projects/Spez/node_modules/enzyme-adapter-react-16/src/ReactSixteenAdapter.js:636:55)\n    at fn (/Users/einaralex/Development/Projects/Spez/node_modules/enzyme-adapter-utils/src/Utils.js:99:18)\n    at Object.render (/Users/einaralex/Development/Projects/Spez/node_modules/enzyme-adapter-react-16/src/ReactSixteenAdapter.js:636:20)\n    at new render (/Users/einaralex/Development/Projects/Spez/node_modules/enzyme/src/ShallowWrapper.js:397:22)"],"fullName":"With Enzyme component shows \"Hello world!\"","location":null,"status":"failed","title":"component shows \"Hello world!\""},{"ancestorTitles":["With Snapshot Testing"],"failureMessages":["Error: could not find react-redux context value; please ensure the component is wrapped in a <Provider>\n    at useReduxContext (/Users/einaralex/Development/Projects/Spez/node_modules/react-redux/lib/hooks/useReduxContext.js:30:11)\n    at useStore (/Users/einaralex/Development/Projects/Spez/node_modules/react-redux/lib/hooks/useStore.js:28:28)\n    at useDispatch (/Users/einaralex/Development/Projects/Spez/node_modules/react-redux/lib/hooks/useDispatch.js:24:17)\n    at DragableCardContainer (/Users/einaralex/Development/Projects/Spez/src/layouts/DragableCardContainer/DragableCardContainer.js:41:20)\n    at renderWithHooks (/Users/einaralex/Development/Projects/Spez/node_modules/react-test-renderer/cjs/react-test-renderer.development.js:5036:18)\n    at mountIndeterminateComponent (/Users/einaralex/Development/Projects/Spez/node_modules/react-test-renderer/cjs/react-test-renderer.development.js:7118:13)\n    at beginWork (/Users/einaralex/Development/Projects/Spez/node_modules/react-test-renderer/cjs/react-test-renderer.development.js:7723:16)\n    at performUnitOfWork (/Users/einaralex/Development/Projects/Spez/node_modules/react-test-renderer/cjs/react-test-renderer.development.js:11413:12)\n    at workLoop (/Users/einaralex/Development/Projects/Spez/node_modules/react-test-renderer/cjs/react-test-renderer.development.js:11445:24)\n    at renderRoot (/Users/einaralex/Development/Projects/Spez/node_modules/react-test-renderer/cjs/react-test-renderer.development.js:11528:7)"],"fullName":"With Snapshot Testing app shows \"Hello world!\"","location":null,"status":"failed","title":"app shows \"Hello world!\""}],"endTime":1606598928915,"message":"\u001b[1m\u001b[31m  \u001b[1m● \u001b[1mWith Enzyme › component shows \"Hello world!\"\u001b[39m\u001b[22m\n\n    could not find react-redux context value; please ensure the component is wrapped in a <Provider>\n\u001b[2m\u001b[22m\n\u001b[2m    \u001b[0m \u001b[90m 39 | \u001b[39m\u001b[36mconst\u001b[39m \u001b[33mDragableCardContainer\u001b[39m \u001b[33m=\u001b[39m ({ userId\u001b[33m,\u001b[39m items\u001b[33m,\u001b[39m handleEdit }) \u001b[33m=>\u001b[39m {\u001b[0m\u001b[22m\n\u001b[2m    \u001b[0m \u001b[90m 40 | \u001b[39m  \u001b[90m// eslint-disable-next-line no-param-reassign\u001b[39m\u001b[0m\u001b[22m\n\u001b[2m    \u001b[0m\u001b[31m\u001b[1m>\u001b[2m\u001b[39m\u001b[90m 41 | \u001b[39m  \u001b[36mconst\u001b[39m dispatch \u001b[33m=\u001b[39m useDispatch()\u001b[33m;\u001b[39m\u001b[0m\u001b[22m\n\u001b[2m    \u001b[0m \u001b[90m    | \u001b[39m                   \u001b[31m\u001b[1m^\u001b[2m\u001b[39m\u001b[0m\u001b[22m\n\u001b[2m    \u001b[0m \u001b[90m 42 | \u001b[39m  \u001b[36mconst\u001b[39m store \u001b[33m=\u001b[39m useSelector((state) \u001b[33m=>\u001b[39m state)\u001b[33m;\u001b[39m\u001b[0m\u001b[22m\n\u001b[2m    \u001b[0m \u001b[90m 43 | \u001b[39m\u001b[0m\u001b[22m\n\u001b[2m    \u001b[0m \u001b[90m 44 | \u001b[39m  \u001b[36mconst\u001b[39m [arrangement\u001b[33m,\u001b[39m setArrangement] \u001b[33m=\u001b[39m useState(items)\u001b[33m;\u001b[39m\u001b[0m\u001b[22m\n\u001b[2m\u001b[22m\n\u001b[2m      \u001b[2mat useReduxContext (\u001b[2mnode_modules/react-redux/lib/hooks/useReduxContext.js\u001b[2m:30:11)\u001b[2m\u001b[22m\n\u001b[2m      \u001b[2mat useStore (\u001b[2mnode_modules/react-redux/lib/hooks/useStore.js\u001b[2m:28:28)\u001b[2m\u001b[22m\n\u001b[2m      \u001b[2mat useDispatch (\u001b[2mnode_modules/react-redux/lib/hooks/useDispatch.js\u001b[2m:24:17)\u001b[2m\u001b[22m\n\u001b[2m      \u001b[2mat DragableCardContainer (\u001b[2msrc/layouts/DragableCardContainer/DragableCardContainer.js\u001b[2m:41:20)\u001b[2m\u001b[22m\n\u001b[2m      \u001b[2mat Component (\u001b[2mnode_modules/enzyme-adapter-react-16/src/ReactSixteenAdapter.js\u001b[2m:560:33)\u001b[2m\u001b[22m\n\u001b[2m      \u001b[2mat ReactShallowRenderer.render (\u001b[2mnode_modules/react-test-renderer/cjs/react-test-renderer-shallow.development.js\u001b[2m:758:32)\u001b[2m\u001b[22m\n\u001b[2m      \u001b[2mat render (\u001b[2mnode_modules/enzyme-adapter-react-16/src/ReactSixteenAdapter.js\u001b[2m:636:55)\u001b[2m\u001b[22m\n\u001b[2m      \u001b[2mat fn (\u001b[2mnode_modules/enzyme-adapter-utils/src/Utils.js\u001b[2m:99:18)\u001b[2m\u001b[22m\n\u001b[2m      \u001b[2mat Object.render (\u001b[2mnode_modules/enzyme-adapter-react-16/src/ReactSixteenAdapter.js\u001b[2m:636:20)\u001b[2m\u001b[22m\n\u001b[2m      \u001b[2mat new render (\u001b[2mnode_modules/enzyme/src/ShallowWrapper.js\u001b[2m:397:22)\u001b[2m\u001b[22m\n\n\u001b[1m\u001b[31m  \u001b[1m● \u001b[1mWith Snapshot Testing › app shows \"Hello world!\"\u001b[39m\u001b[22m\n\n    could not find react-redux context value; please ensure the component is wrapped in a <Provider>\n\u001b[2m\u001b[22m\n\u001b[2m    \u001b[0m \u001b[90m 39 | \u001b[39m\u001b[36mconst\u001b[39m \u001b[33mDragableCardContainer\u001b[39m \u001b[33m=\u001b[39m ({ userId\u001b[33m,\u001b[39m items\u001b[33m,\u001b[39m handleEdit }) \u001b[33m=>\u001b[39m {\u001b[0m\u001b[22m\n\u001b[2m    \u001b[0m \u001b[90m 40 | \u001b[39m  \u001b[90m// eslint-disable-next-line no-param-reassign\u001b[39m\u001b[0m\u001b[22m\n\u001b[2m    \u001b[0m\u001b[31m\u001b[1m>\u001b[2m\u001b[39m\u001b[90m 41 | \u001b[39m  \u001b[36mconst\u001b[39m dispatch \u001b[33m=\u001b[39m useDispatch()\u001b[33m;\u001b[39m\u001b[0m\u001b[22m\n\u001b[2m    \u001b[0m \u001b[90m    | \u001b[39m                   \u001b[31m\u001b[1m^\u001b[2m\u001b[39m\u001b[0m\u001b[22m\n\u001b[2m    \u001b[0m \u001b[90m 42 | \u001b[39m  \u001b[36mconst\u001b[39m store \u001b[33m=\u001b[39m useSelector((state) \u001b[33m=>\u001b[39m state)\u001b[33m;\u001b[39m\u001b[0m\u001b[22m\n\u001b[2m    \u001b[0m \u001b[90m 43 | \u001b[39m\u001b[0m\u001b[22m\n\u001b[2m    \u001b[0m \u001b[90m 44 | \u001b[39m  \u001b[36mconst\u001b[39m [arrangement\u001b[33m,\u001b[39m setArrangement] \u001b[33m=\u001b[39m useState(items)\u001b[33m;\u001b[39m\u001b[0m\u001b[22m\n\u001b[2m\u001b[22m\n\u001b[2m      \u001b[2mat useReduxContext (\u001b[2mnode_modules/react-redux/lib/hooks/useReduxContext.js\u001b[2m:30:11)\u001b[2m\u001b[22m\n\u001b[2m      \u001b[2mat useStore (\u001b[2mnode_modules/react-redux/lib/hooks/useStore.js\u001b[2m:28:28)\u001b[2m\u001b[22m\n\u001b[2m      \u001b[2mat useDispatch (\u001b[2mnode_modules/react-redux/lib/hooks/useDispatch.js\u001b[2m:24:17)\u001b[2m\u001b[22m\n\u001b[2m      \u001b[2mat DragableCardContainer (\u001b[2msrc/layouts/DragableCardContainer/DragableCardContainer.js\u001b[2m:41:20)\u001b[2m\u001b[22m\n\u001b[2m      \u001b[2mat renderWithHooks (\u001b[2mnode_modules/react-test-renderer/cjs/react-test-renderer.development.js\u001b[2m:5036:18)\u001b[2m\u001b[22m\n\u001b[2m      \u001b[2mat mountIndeterminateComponent (\u001b[2mnode_modules/react-test-renderer/cjs/react-test-renderer.development.js\u001b[2m:7118:13)\u001b[2m\u001b[22m\n\u001b[2m      \u001b[2mat beginWork (\u001b[2mnode_modules/react-test-renderer/cjs/react-test-renderer.development.js\u001b[2m:7723:16)\u001b[2m\u001b[22m\n\u001b[2m      \u001b[2mat performUnitOfWork (\u001b[2mnode_modules/react-test-renderer/cjs/react-test-renderer.development.js\u001b[2m:11413:12)\u001b[2m\u001b[22m\n\u001b[2m      \u001b[2mat workLoop (\u001b[2mnode_modules/react-test-renderer/cjs/react-test-renderer.development.js\u001b[2m:11445:24)\u001b[2m\u001b[22m\n\u001b[2m      \u001b[2mat renderRoot (\u001b[2mnode_modules/react-test-renderer/cjs/react-test-renderer.development.js\u001b[2m:11528:7)\u001b[2m\u001b[22m\n","name":"/Users/einaralex/Development/Projects/Spez/src/layouts/DragableCardContainer/DragableCardContainer.test.js","startTime":1606598921557,"status":"failed","summary":""},{"assertionResults":[{"ancestorTitles":["With Enzyme"],"failureMessages":["Error: could not find react-redux context value; please ensure the component is wrapped in a <Provider>\n    at useReduxContext (/Users/einaralex/Development/Projects/Spez/node_modules/react-redux/lib/hooks/useReduxContext.js:30:11)\n    at useSelector (/Users/einaralex/Development/Projects/Spez/node_modules/react-redux/lib/hooks/useSelector.js:111:28)\n    at ProfileContainer (/Users/einaralex/Development/Projects/Spez/src/layouts/ProfileContainer/ProfileContainer.js:26:17)\n    at Component (/Users/einaralex/Development/Projects/Spez/node_modules/enzyme-adapter-react-16/src/ReactSixteenAdapter.js:560:33)\n    at ReactShallowRenderer.render (/Users/einaralex/Development/Projects/Spez/node_modules/react-test-renderer/cjs/react-test-renderer-shallow.development.js:758:32)\n    at render (/Users/einaralex/Development/Projects/Spez/node_modules/enzyme-adapter-react-16/src/ReactSixteenAdapter.js:636:55)\n    at fn (/Users/einaralex/Development/Projects/Spez/node_modules/enzyme-adapter-utils/src/Utils.js:99:18)\n    at Object.render (/Users/einaralex/Development/Projects/Spez/node_modules/enzyme-adapter-react-16/src/ReactSixteenAdapter.js:636:20)\n    at new render (/Users/einaralex/Development/Projects/Spez/node_modules/enzyme/src/ShallowWrapper.js:397:22)\n    at shallow (/Users/einaralex/Development/Projects/Spez/node_modules/enzyme/src/shallow.js:10:10)"],"fullName":"With Enzyme component shows \"Hello world!\"","location":null,"status":"failed","title":"component shows \"Hello world!\""},{"ancestorTitles":["With Snapshot Testing"],"failureMessages":["Error: could not find react-redux context value; please ensure the component is wrapped in a <Provider>\n    at useReduxContext (/Users/einaralex/Development/Projects/Spez/node_modules/react-redux/lib/hooks/useReduxContext.js:30:11)\n    at useSelector (/Users/einaralex/Development/Projects/Spez/node_modules/react-redux/lib/hooks/useSelector.js:111:28)\n    at ProfileContainer (/Users/einaralex/Development/Projects/Spez/src/layouts/ProfileContainer/ProfileContainer.js:26:17)\n    at renderWithHooks (/Users/einaralex/Development/Projects/Spez/node_modules/react-test-renderer/cjs/react-test-renderer.development.js:5036:18)\n    at mountIndeterminateComponent (/Users/einaralex/Development/Projects/Spez/node_modules/react-test-renderer/cjs/react-test-renderer.development.js:7118:13)\n    at beginWork (/Users/einaralex/Development/Projects/Spez/node_modules/react-test-renderer/cjs/react-test-renderer.development.js:7723:16)\n    at performUnitOfWork (/Users/einaralex/Development/Projects/Spez/node_modules/react-test-renderer/cjs/react-test-renderer.development.js:11413:12)\n    at workLoop (/Users/einaralex/Development/Projects/Spez/node_modules/react-test-renderer/cjs/react-test-renderer.development.js:11445:24)\n    at renderRoot (/Users/einaralex/Development/Projects/Spez/node_modules/react-test-renderer/cjs/react-test-renderer.development.js:11528:7)\n    at performWorkOnRoot (/Users/einaralex/Development/Projects/Spez/node_modules/react-test-renderer/cjs/react-test-renderer.development.js:12416:7)"],"fullName":"With Snapshot Testing app shows \"Hello world!\"","location":null,"status":"failed","title":"app shows \"Hello world!\""}],"endTime":1606598928956,"message":"\u001b[1m\u001b[31m  \u001b[1m● \u001b[1mWith Enzyme › component shows \"Hello world!\"\u001b[39m\u001b[22m\n\n    could not find react-redux context value; please ensure the component is wrapped in a <Provider>\n\u001b[2m\u001b[22m\n\u001b[2m    \u001b[0m \u001b[90m 24 | \u001b[39m  \u001b[36mconst\u001b[39m [activeExperienceWidth\u001b[33m,\u001b[39m setActiveExperienceWidth] \u001b[33m=\u001b[39m useState(undefined)\u001b[33m;\u001b[39m\u001b[0m\u001b[22m\n\u001b[2m    \u001b[0m \u001b[90m 25 | \u001b[39m\u001b[0m\u001b[22m\n\u001b[2m    \u001b[0m\u001b[31m\u001b[1m>\u001b[2m\u001b[39m\u001b[90m 26 | \u001b[39m  \u001b[36mconst\u001b[39m store \u001b[33m=\u001b[39m useSelector((state) \u001b[33m=>\u001b[39m state)\u001b[33m;\u001b[39m\u001b[0m\u001b[22m\n\u001b[2m    \u001b[0m \u001b[90m    | \u001b[39m                \u001b[31m\u001b[1m^\u001b[2m\u001b[39m\u001b[0m\u001b[22m\n\u001b[2m    \u001b[0m \u001b[90m 27 | \u001b[39m  \u001b[36mconst\u001b[39m dispatch \u001b[33m=\u001b[39m useDispatch()\u001b[33m;\u001b[39m\u001b[0m\u001b[22m\n\u001b[2m    \u001b[0m \u001b[90m 28 | \u001b[39m\u001b[0m\u001b[22m\n\u001b[2m    \u001b[0m \u001b[90m 29 | \u001b[39m  useEffect(() \u001b[33m=>\u001b[39m {\u001b[0m\u001b[22m\n\u001b[2m\u001b[22m\n\u001b[2m      \u001b[2mat useReduxContext (\u001b[2mnode_modules/react-redux/lib/hooks/useReduxContext.js\u001b[2m:30:11)\u001b[2m\u001b[22m\n\u001b[2m      \u001b[2mat useSelector (\u001b[2mnode_modules/react-redux/lib/hooks/useSelector.js\u001b[2m:111:28)\u001b[2m\u001b[22m\n\u001b[2m      \u001b[2mat ProfileContainer (\u001b[2msrc/layouts/ProfileContainer/ProfileContainer.js\u001b[2m:26:17)\u001b[2m\u001b[22m\n\u001b[2m      \u001b[2mat Component (\u001b[2mnode_modules/enzyme-adapter-react-16/src/ReactSixteenAdapter.js\u001b[2m:560:33)\u001b[2m\u001b[22m\n\u001b[2m      \u001b[2mat ReactShallowRenderer.render (\u001b[2mnode_modules/react-test-renderer/cjs/react-test-renderer-shallow.development.js\u001b[2m:758:32)\u001b[2m\u001b[22m\n\u001b[2m      \u001b[2mat render (\u001b[2mnode_modules/enzyme-adapter-react-16/src/ReactSixteenAdapter.js\u001b[2m:636:55)\u001b[2m\u001b[22m\n\u001b[2m      \u001b[2mat fn (\u001b[2mnode_modules/enzyme-adapter-utils/src/Utils.js\u001b[2m:99:18)\u001b[2m\u001b[22m\n\u001b[2m      \u001b[2mat Object.render (\u001b[2mnode_modules/enzyme-adapter-react-16/src/ReactSixteenAdapter.js\u001b[2m:636:20)\u001b[2m\u001b[22m\n\u001b[2m      \u001b[2mat new render (\u001b[2mnode_modules/enzyme/src/ShallowWrapper.js\u001b[2m:397:22)\u001b[2m\u001b[22m\n\u001b[2m      \u001b[2mat shallow (\u001b[2mnode_modules/enzyme/src/shallow.js\u001b[2m:10:10)\u001b[2m\u001b[22m\n\n\u001b[1m\u001b[31m  \u001b[1m● \u001b[1mWith Snapshot Testing › app shows \"Hello world!\"\u001b[39m\u001b[22m\n\n    could not find react-redux context value; please ensure the component is wrapped in a <Provider>\n\u001b[2m\u001b[22m\n\u001b[2m    \u001b[0m \u001b[90m 24 | \u001b[39m  \u001b[36mconst\u001b[39m [activeExperienceWidth\u001b[33m,\u001b[39m setActiveExperienceWidth] \u001b[33m=\u001b[39m useState(undefined)\u001b[33m;\u001b[39m\u001b[0m\u001b[22m\n\u001b[2m    \u001b[0m \u001b[90m 25 | \u001b[39m\u001b[0m\u001b[22m\n\u001b[2m    \u001b[0m\u001b[31m\u001b[1m>\u001b[2m\u001b[39m\u001b[90m 26 | \u001b[39m  \u001b[36mconst\u001b[39m store \u001b[33m=\u001b[39m useSelector((state) \u001b[33m=>\u001b[39m state)\u001b[33m;\u001b[39m\u001b[0m\u001b[22m\n\u001b[2m    \u001b[0m \u001b[90m    | \u001b[39m                \u001b[31m\u001b[1m^\u001b[2m\u001b[39m\u001b[0m\u001b[22m\n\u001b[2m    \u001b[0m \u001b[90m 27 | \u001b[39m  \u001b[36mconst\u001b[39m dispatch \u001b[33m=\u001b[39m useDispatch()\u001b[33m;\u001b[39m\u001b[0m\u001b[22m\n\u001b[2m    \u001b[0m \u001b[90m 28 | \u001b[39m\u001b[0m\u001b[22m\n\u001b[2m    \u001b[0m \u001b[90m 29 | \u001b[39m  useEffect(() \u001b[33m=>\u001b[39m {\u001b[0m\u001b[22m\n\u001b[2m\u001b[22m\n\u001b[2m      \u001b[2mat useReduxContext (\u001b[2mnode_modules/react-redux/lib/hooks/useReduxContext.js\u001b[2m:30:11)\u001b[2m\u001b[22m\n\u001b[2m      \u001b[2mat useSelector (\u001b[2mnode_modules/react-redux/lib/hooks/useSelector.js\u001b[2m:111:28)\u001b[2m\u001b[22m\n\u001b[2m      \u001b[2mat ProfileContainer (\u001b[2msrc/layouts/ProfileContainer/ProfileContainer.js\u001b[2m:26:17)\u001b[2m\u001b[22m\n\u001b[2m      \u001b[2mat renderWithHooks (\u001b[2mnode_modules/react-test-renderer/cjs/react-test-renderer.development.js\u001b[2m:5036:18)\u001b[2m\u001b[22m\n\u001b[2m      \u001b[2mat mountIndeterminateComponent (\u001b[2mnode_modules/react-test-renderer/cjs/react-test-renderer.development.js\u001b[2m:7118:13)\u001b[2m\u001b[22m\n\u001b[2m      \u001b[2mat beginWork (\u001b[2mnode_modules/react-test-renderer/cjs/react-test-renderer.development.js\u001b[2m:7723:16)\u001b[2m\u001b[22m\n\u001b[2m      \u001b[2mat performUnitOfWork (\u001b[2mnode_modules/react-test-renderer/cjs/react-test-renderer.development.js\u001b[2m:11413:12)\u001b[2m\u001b[22m\n\u001b[2m      \u001b[2mat workLoop (\u001b[2mnode_modules/react-test-renderer/cjs/react-test-renderer.development.js\u001b[2m:11445:24)\u001b[2m\u001b[22m\n\u001b[2m      \u001b[2mat renderRoot (\u001b[2mnode_modules/react-test-renderer/cjs/react-test-renderer.development.js\u001b[2m:11528:7)\u001b[2m\u001b[22m\n\u001b[2m      \u001b[2mat performWorkOnRoot (\u001b[2mnode_modules/react-test-renderer/cjs/react-test-renderer.development.js\u001b[2m:12416:7)\u001b[2m\u001b[22m\n","name":"/Users/einaralex/Development/Projects/Spez/src/layouts/ProfileContainer/ProfileContainer.test.js","startTime":1606598921819,"status":"failed","summary":""},{"assertionResults":[{"ancestorTitles":["With Enzyme"],"failureMessages":["Error: Method “text” is meant to be run on 1 node. 0 found instead.\n    at ShallowWrapper.single (/Users/einaralex/Development/Projects/Spez/node_modules/enzyme/src/ShallowWrapper.js:1636:13)\n    at ShallowWrapper.single [as text] (/Users/einaralex/Development/Projects/Spez/node_modules/enzyme/src/ShallowWrapper.js:1079:17)\n    at Object.text (/Users/einaralex/Development/Projects/Spez/src/layouts/UserLayout/UserLayout.test.js:10:26)\n    at Object.asyncJestTest (/Users/einaralex/Development/Projects/Spez/node_modules/jest-jasmine2/build/jasmineAsyncInstall.js:102:37)\n    at /Users/einaralex/Development/Projects/Spez/node_modules/jest-jasmine2/build/queueRunner.js:43:12\n    at new Promise (<anonymous>)\n    at mapper (/Users/einaralex/Development/Projects/Spez/node_modules/jest-jasmine2/build/queueRunner.js:26:19)\n    at /Users/einaralex/Development/Projects/Spez/node_modules/jest-jasmine2/build/queueRunner.js:73:41\n    at processTicksAndRejections (internal/process/task_queues.js:97:5)"],"fullName":"With Enzyme component shows \"Hello world!\"","location":null,"status":"failed","title":"component shows \"Hello world!\""},{"ancestorTitles":["With Snapshot Testing"],"failureMessages":[],"fullName":"With Snapshot Testing app shows \"Hello world!\"","location":null,"status":"passed","title":"app shows \"Hello world!\""}],"endTime":1606598929183,"message":"\u001b[1m\u001b[31m  \u001b[1m● \u001b[1mWith Enzyme › component shows \"Hello world!\"\u001b[39m\u001b[22m\n\n    Method “text” is meant to be run on 1 node. 0 found instead.\n\u001b[2m\u001b[22m\n\u001b[2m    \u001b[0m \u001b[90m  8 | \u001b[39m  it(\u001b[32m'component shows \"Hello world!\"'\u001b[39m\u001b[33m,\u001b[39m () \u001b[33m=>\u001b[39m {\u001b[0m\u001b[22m\n\u001b[2m    \u001b[0m \u001b[90m  9 | \u001b[39m    \u001b[36mconst\u001b[39m app \u001b[33m=\u001b[39m shallow(\u001b[33m<\u001b[39m\u001b[33mUserLayout\u001b[39m\u001b[33m>\u001b[39m\u001b[33mHello\u001b[39m \u001b[33mWorld\u001b[39m\u001b[33m!\u001b[39m\u001b[33m<\u001b[39m\u001b[33m/\u001b[39m\u001b[33mUserLayout\u001b[39m\u001b[33m>\u001b[39m)\u001b[33m;\u001b[39m\u001b[0m\u001b[22m\n\u001b[2m    \u001b[0m\u001b[31m\u001b[1m>\u001b[2m\u001b[39m\u001b[90m 10 | \u001b[39m    expect(app\u001b[33m.\u001b[39mfind(\u001b[32m\"p\"\u001b[39m)\u001b[33m.\u001b[39mtext())\u001b[33m.\u001b[39mtoStrictEqual(\u001b[32m\"Hello World!\"\u001b[39m)\u001b[33m;\u001b[39m\u001b[0m\u001b[22m\n\u001b[2m    \u001b[0m \u001b[90m    | \u001b[39m                         \u001b[31m\u001b[1m^\u001b[2m\u001b[39m\u001b[0m\u001b[22m\n\u001b[2m    \u001b[0m \u001b[90m 11 | \u001b[39m  })\u001b[33m;\u001b[39m\u001b[0m\u001b[22m\n\u001b[2m    \u001b[0m \u001b[90m 12 | \u001b[39m})\u001b[33m;\u001b[39m\u001b[0m\u001b[22m\n\u001b[2m    \u001b[0m \u001b[90m 13 | \u001b[39m\u001b[0m\u001b[22m\n\u001b[2m\u001b[22m\n\u001b[2m      \u001b[2mat ShallowWrapper.single (\u001b[2mnode_modules/enzyme/src/ShallowWrapper.js\u001b[2m:1636:13)\u001b[2m\u001b[22m\n\u001b[2m      \u001b[2mat ShallowWrapper.single [as text] (\u001b[2mnode_modules/enzyme/src/ShallowWrapper.js\u001b[2m:1079:17)\u001b[2m\u001b[22m\n\u001b[2m      \u001b[2mat Object.text (\u001b[2m\u001b[0m\u001b[36msrc/layouts/UserLayout/UserLayout.test.js\u001b[39m\u001b[0m\u001b[2m:10:26)\u001b[2m\u001b[22m\n","name":"/Users/einaralex/Development/Projects/Spez/src/layouts/UserLayout/UserLayout.test.js","startTime":1606598928354,"status":"failed","summary":""},{"assertionResults":[{"ancestorTitles":["With Enzyme"],"failureMessages":["Error: Method “text” is meant to be run on 1 node. 0 found instead.\n    at ShallowWrapper.single (/Users/einaralex/Development/Projects/Spez/node_modules/enzyme/src/ShallowWrapper.js:1636:13)\n    at ShallowWrapper.single [as text] (/Users/einaralex/Development/Projects/Spez/node_modules/enzyme/src/ShallowWrapper.js:1079:17)\n    at Object.text (/Users/einaralex/Development/Projects/Spez/src/components/TextArea/TextArea.test.js:10:26)\n    at Object.asyncJestTest (/Users/einaralex/Development/Projects/Spez/node_modules/jest-jasmine2/build/jasmineAsyncInstall.js:102:37)\n    at /Users/einaralex/Development/Projects/Spez/node_modules/jest-jasmine2/build/queueRunner.js:43:12\n    at new Promise (<anonymous>)\n    at mapper (/Users/einaralex/Development/Projects/Spez/node_modules/jest-jasmine2/build/queueRunner.js:26:19)\n    at /Users/einaralex/Development/Projects/Spez/node_modules/jest-jasmine2/build/queueRunner.js:73:41\n    at processTicksAndRejections (internal/process/task_queues.js:97:5)"],"fullName":"With Enzyme component shows \"Hello world!\"","location":null,"status":"failed","title":"component shows \"Hello world!\""},{"ancestorTitles":["With Snapshot Testing"],"failureMessages":[],"fullName":"With Snapshot Testing app shows \"Hello world!\"","location":null,"status":"passed","title":"app shows \"Hello world!\""}],"endTime":1606598929343,"message":"\u001b[1m\u001b[31m  \u001b[1m● \u001b[1mWith Enzyme › component shows \"Hello world!\"\u001b[39m\u001b[22m\n\n    Method “text” is meant to be run on 1 node. 0 found instead.\n\u001b[2m\u001b[22m\n\u001b[2m    \u001b[0m \u001b[90m  8 | \u001b[39m  it(\u001b[32m'component shows \"Hello world!\"'\u001b[39m\u001b[33m,\u001b[39m () \u001b[33m=>\u001b[39m {\u001b[0m\u001b[22m\n\u001b[2m    \u001b[0m \u001b[90m  9 | \u001b[39m    \u001b[36mconst\u001b[39m app \u001b[33m=\u001b[39m shallow(\u001b[33m<\u001b[39m\u001b[33mTextArea\u001b[39m\u001b[33m>\u001b[39m\u001b[33mHello\u001b[39m \u001b[33mWorld\u001b[39m\u001b[33m!\u001b[39m\u001b[33m<\u001b[39m\u001b[33m/\u001b[39m\u001b[33mTextArea\u001b[39m\u001b[33m>\u001b[39m)\u001b[33m;\u001b[39m\u001b[0m\u001b[22m\n\u001b[2m    \u001b[0m\u001b[31m\u001b[1m>\u001b[2m\u001b[39m\u001b[90m 10 | \u001b[39m    expect(app\u001b[33m.\u001b[39mfind(\u001b[32m\"p\"\u001b[39m)\u001b[33m.\u001b[39mtext())\u001b[33m.\u001b[39mtoStrictEqual(\u001b[32m\"Hello World!\"\u001b[39m)\u001b[33m;\u001b[39m\u001b[0m\u001b[22m\n\u001b[2m    \u001b[0m \u001b[90m    | \u001b[39m                         \u001b[31m\u001b[1m^\u001b[2m\u001b[39m\u001b[0m\u001b[22m\n\u001b[2m    \u001b[0m \u001b[90m 11 | \u001b[39m  })\u001b[33m;\u001b[39m\u001b[0m\u001b[22m\n\u001b[2m    \u001b[0m \u001b[90m 12 | \u001b[39m})\u001b[33m;\u001b[39m\u001b[0m\u001b[22m\n\u001b[2m    \u001b[0m \u001b[90m 13 | \u001b[39m\u001b[0m\u001b[22m\n\u001b[2m\u001b[22m\n\u001b[2m      \u001b[2mat ShallowWrapper.single (\u001b[2mnode_modules/enzyme/src/ShallowWrapper.js\u001b[2m:1636:13)\u001b[2m\u001b[22m\n\u001b[2m      \u001b[2mat ShallowWrapper.single [as text] (\u001b[2mnode_modules/enzyme/src/ShallowWrapper.js\u001b[2m:1079:17)\u001b[2m\u001b[22m\n\u001b[2m      \u001b[2mat Object.text (\u001b[2m\u001b[0m\u001b[36msrc/components/TextArea/TextArea.test.js\u001b[39m\u001b[0m\u001b[2m:10:26)\u001b[2m\u001b[22m\n","name":"/Users/einaralex/Development/Projects/Spez/src/components/TextArea/TextArea.test.js","startTime":1606598928569,"status":"failed","summary":""},{"assertionResults":[{"ancestorTitles":["With Enzyme"],"failureMessages":["Error: Method “text” is meant to be run on 1 node. 0 found instead.\n    at ShallowWrapper.single (/Users/einaralex/Development/Projects/Spez/node_modules/enzyme/src/ShallowWrapper.js:1636:13)\n    at ShallowWrapper.single [as text] (/Users/einaralex/Development/Projects/Spez/node_modules/enzyme/src/ShallowWrapper.js:1079:17)\n    at Object.text (/Users/einaralex/Development/Projects/Spez/src/components/Checkbox/Checkbox.test.js:10:26)\n    at Object.asyncJestTest (/Users/einaralex/Development/Projects/Spez/node_modules/jest-jasmine2/build/jasmineAsyncInstall.js:102:37)\n    at /Users/einaralex/Development/Projects/Spez/node_modules/jest-jasmine2/build/queueRunner.js:43:12\n    at new Promise (<anonymous>)\n    at mapper (/Users/einaralex/Development/Projects/Spez/node_modules/jest-jasmine2/build/queueRunner.js:26:19)\n    at /Users/einaralex/Development/Projects/Spez/node_modules/jest-jasmine2/build/queueRunner.js:73:41\n    at processTicksAndRejections (internal/process/task_queues.js:97:5)"],"fullName":"With Enzyme component shows \"Hello world!\"","location":null,"status":"failed","title":"component shows \"Hello world!\""},{"ancestorTitles":["With Snapshot Testing"],"failureMessages":[],"fullName":"With Snapshot Testing app shows \"Hello world!\"","location":null,"status":"passed","title":"app shows \"Hello world!\""}],"endTime":1606598929645,"message":"\u001b[1m\u001b[31m  \u001b[1m● \u001b[1mWith Enzyme › component shows \"Hello world!\"\u001b[39m\u001b[22m\n\n    Method “text” is meant to be run on 1 node. 0 found instead.\n\u001b[2m\u001b[22m\n\u001b[2m    \u001b[0m \u001b[90m  8 | \u001b[39m  it(\u001b[32m'component shows \"Hello world!\"'\u001b[39m\u001b[33m,\u001b[39m () \u001b[33m=>\u001b[39m {\u001b[0m\u001b[22m\n\u001b[2m    \u001b[0m \u001b[90m  9 | \u001b[39m    \u001b[36mconst\u001b[39m app \u001b[33m=\u001b[39m shallow(\u001b[33m<\u001b[39m\u001b[33mCheckbox\u001b[39m\u001b[33m>\u001b[39m\u001b[33mHello\u001b[39m \u001b[33mWorld\u001b[39m\u001b[33m!\u001b[39m\u001b[33m<\u001b[39m\u001b[33m/\u001b[39m\u001b[33mCheckbox\u001b[39m\u001b[33m>\u001b[39m)\u001b[33m;\u001b[39m\u001b[0m\u001b[22m\n\u001b[2m    \u001b[0m\u001b[31m\u001b[1m>\u001b[2m\u001b[39m\u001b[90m 10 | \u001b[39m    expect(app\u001b[33m.\u001b[39mfind(\u001b[32m\"p\"\u001b[39m)\u001b[33m.\u001b[39mtext())\u001b[33m.\u001b[39mtoStrictEqual(\u001b[32m\"Hello World!\"\u001b[39m)\u001b[33m;\u001b[39m\u001b[0m\u001b[22m\n\u001b[2m    \u001b[0m \u001b[90m    | \u001b[39m                         \u001b[31m\u001b[1m^\u001b[2m\u001b[39m\u001b[0m\u001b[22m\n\u001b[2m    \u001b[0m \u001b[90m 11 | \u001b[39m  })\u001b[33m;\u001b[39m\u001b[0m\u001b[22m\n\u001b[2m    \u001b[0m \u001b[90m 12 | \u001b[39m})\u001b[33m;\u001b[39m\u001b[0m\u001b[22m\n\u001b[2m    \u001b[0m \u001b[90m 13 | \u001b[39m\u001b[0m\u001b[22m\n\u001b[2m\u001b[22m\n\u001b[2m      \u001b[2mat ShallowWrapper.single (\u001b[2mnode_modules/enzyme/src/ShallowWrapper.js\u001b[2m:1636:13)\u001b[2m\u001b[22m\n\u001b[2m      \u001b[2mat ShallowWrapper.single [as text] (\u001b[2mnode_modules/enzyme/src/ShallowWrapper.js\u001b[2m:1079:17)\u001b[2m\u001b[22m\n\u001b[2m      \u001b[2mat Object.text (\u001b[2m\u001b[0m\u001b[36msrc/components/Checkbox/Checkbox.test.js\u001b[39m\u001b[0m\u001b[2m:10:26)\u001b[2m\u001b[22m\n","name":"/Users/einaralex/Development/Projects/Spez/src/components/Checkbox/Checkbox.test.js","startTime":1606598929226,"status":"failed","summary":""},{"assertionResults":[{"ancestorTitles":["With Enzyme"],"failureMessages":["Error: could not find react-redux context value; please ensure the component is wrapped in a <Provider>\n    at useReduxContext (/Users/einaralex/Development/Projects/Spez/node_modules/react-redux/lib/hooks/useReduxContext.js:30:11)\n    at useSelector (/Users/einaralex/Development/Projects/Spez/node_modules/react-redux/lib/hooks/useSelector.js:111:28)\n    at SearchBar (/Users/einaralex/Development/Projects/Spez/src/components/SearchBar/SearchBar.js:15:17)\n    at Component (/Users/einaralex/Development/Projects/Spez/node_modules/enzyme-adapter-react-16/src/ReactSixteenAdapter.js:560:33)\n    at ReactShallowRenderer.render (/Users/einaralex/Development/Projects/Spez/node_modules/react-test-renderer/cjs/react-test-renderer-shallow.development.js:758:32)\n    at render (/Users/einaralex/Development/Projects/Spez/node_modules/enzyme-adapter-react-16/src/ReactSixteenAdapter.js:636:55)\n    at fn (/Users/einaralex/Development/Projects/Spez/node_modules/enzyme-adapter-utils/src/Utils.js:99:18)\n    at Object.render (/Users/einaralex/Development/Projects/Spez/node_modules/enzyme-adapter-react-16/src/ReactSixteenAdapter.js:636:20)\n    at new render (/Users/einaralex/Development/Projects/Spez/node_modules/enzyme/src/ShallowWrapper.js:397:22)\n    at shallow (/Users/einaralex/Development/Projects/Spez/node_modules/enzyme/src/shallow.js:10:10)"],"fullName":"With Enzyme component shows \"Hello world!\"","location":null,"status":"failed","title":"component shows \"Hello world!\""},{"ancestorTitles":["With Snapshot Testing"],"failureMessages":["Error: could not find react-redux context value; please ensure the component is wrapped in a <Provider>\n    at useReduxContext (/Users/einaralex/Development/Projects/Spez/node_modules/react-redux/lib/hooks/useReduxContext.js:30:11)\n    at useSelector (/Users/einaralex/Development/Projects/Spez/node_modules/react-redux/lib/hooks/useSelector.js:111:28)\n    at SearchBar (/Users/einaralex/Development/Projects/Spez/src/components/SearchBar/SearchBar.js:15:17)\n    at renderWithHooks (/Users/einaralex/Development/Projects/Spez/node_modules/react-test-renderer/cjs/react-test-renderer.development.js:5036:18)\n    at mountIndeterminateComponent (/Users/einaralex/Development/Projects/Spez/node_modules/react-test-renderer/cjs/react-test-renderer.development.js:7118:13)\n    at beginWork (/Users/einaralex/Development/Projects/Spez/node_modules/react-test-renderer/cjs/react-test-renderer.development.js:7723:16)\n    at performUnitOfWork (/Users/einaralex/Development/Projects/Spez/node_modules/react-test-renderer/cjs/react-test-renderer.development.js:11413:12)\n    at workLoop (/Users/einaralex/Development/Projects/Spez/node_modules/react-test-renderer/cjs/react-test-renderer.development.js:11445:24)\n    at renderRoot (/Users/einaralex/Development/Projects/Spez/node_modules/react-test-renderer/cjs/react-test-renderer.development.js:11528:7)\n    at performWorkOnRoot (/Users/einaralex/Development/Projects/Spez/node_modules/react-test-renderer/cjs/react-test-renderer.development.js:12416:7)"],"fullName":"With Snapshot Testing app shows \"Hello world!\"","location":null,"status":"failed","title":"app shows \"Hello world!\""}],"endTime":1606598929460,"message":"\u001b[1m\u001b[31m  \u001b[1m● \u001b[1mWith Enzyme › component shows \"Hello world!\"\u001b[39m\u001b[22m\n\n    could not find react-redux context value; please ensure the component is wrapped in a <Provider>\n\u001b[2m\u001b[22m\n\u001b[2m    \u001b[0m \u001b[90m 13 | \u001b[39m  \u001b[33m...\u001b[39mprops\u001b[0m\u001b[22m\n\u001b[2m    \u001b[0m \u001b[90m 14 | \u001b[39m}) \u001b[33m=>\u001b[39m {\u001b[0m\u001b[22m\n\u001b[2m    \u001b[0m\u001b[31m\u001b[1m>\u001b[2m\u001b[39m\u001b[90m 15 | \u001b[39m  \u001b[36mconst\u001b[39m store \u001b[33m=\u001b[39m useSelector((state) \u001b[33m=>\u001b[39m state)\u001b[33m;\u001b[39m\u001b[0m\u001b[22m\n\u001b[2m    \u001b[0m \u001b[90m    | \u001b[39m                \u001b[31m\u001b[1m^\u001b[2m\u001b[39m\u001b[0m\u001b[22m\n\u001b[2m    \u001b[0m \u001b[90m 16 | \u001b[39m  \u001b[36mconst\u001b[39m dispatch \u001b[33m=\u001b[39m useDispatch()\u001b[33m;\u001b[39m\u001b[0m\u001b[22m\n\u001b[2m    \u001b[0m \u001b[90m 17 | \u001b[39m\u001b[0m\u001b[22m\n\u001b[2m    \u001b[0m \u001b[90m 18 | \u001b[39m  \u001b[36mconst\u001b[39m onClear \u001b[33m=\u001b[39m async () \u001b[33m=>\u001b[39m {\u001b[0m\u001b[22m\n\u001b[2m\u001b[22m\n\u001b[2m      \u001b[2mat useReduxContext (\u001b[2mnode_modules/react-redux/lib/hooks/useReduxContext.js\u001b[2m:30:11)\u001b[2m\u001b[22m\n\u001b[2m      \u001b[2mat useSelector (\u001b[2mnode_modules/react-redux/lib/hooks/useSelector.js\u001b[2m:111:28)\u001b[2m\u001b[22m\n\u001b[2m      \u001b[2mat SearchBar (\u001b[2msrc/components/SearchBar/SearchBar.js\u001b[2m:15:17)\u001b[2m\u001b[22m\n\u001b[2m      \u001b[2mat Component (\u001b[2mnode_modules/enzyme-adapter-react-16/src/ReactSixteenAdapter.js\u001b[2m:560:33)\u001b[2m\u001b[22m\n\u001b[2m      \u001b[2mat ReactShallowRenderer.render (\u001b[2mnode_modules/react-test-renderer/cjs/react-test-renderer-shallow.development.js\u001b[2m:758:32)\u001b[2m\u001b[22m\n\u001b[2m      \u001b[2mat render (\u001b[2mnode_modules/enzyme-adapter-react-16/src/ReactSixteenAdapter.js\u001b[2m:636:55)\u001b[2m\u001b[22m\n\u001b[2m      \u001b[2mat fn (\u001b[2mnode_modules/enzyme-adapter-utils/src/Utils.js\u001b[2m:99:18)\u001b[2m\u001b[22m\n\u001b[2m      \u001b[2mat Object.render (\u001b[2mnode_modules/enzyme-adapter-react-16/src/ReactSixteenAdapter.js\u001b[2m:636:20)\u001b[2m\u001b[22m\n\u001b[2m      \u001b[2mat new render (\u001b[2mnode_modules/enzyme/src/ShallowWrapper.js\u001b[2m:397:22)\u001b[2m\u001b[22m\n\u001b[2m      \u001b[2mat shallow (\u001b[2mnode_modules/enzyme/src/shallow.js\u001b[2m:10:10)\u001b[2m\u001b[22m\n\n\u001b[1m\u001b[31m  \u001b[1m● \u001b[1mWith Snapshot Testing › app shows \"Hello world!\"\u001b[39m\u001b[22m\n\n    could not find react-redux context value; please ensure the component is wrapped in a <Provider>\n\u001b[2m\u001b[22m\n\u001b[2m    \u001b[0m \u001b[90m 13 | \u001b[39m  \u001b[33m...\u001b[39mprops\u001b[0m\u001b[22m\n\u001b[2m    \u001b[0m \u001b[90m 14 | \u001b[39m}) \u001b[33m=>\u001b[39m {\u001b[0m\u001b[22m\n\u001b[2m    \u001b[0m\u001b[31m\u001b[1m>\u001b[2m\u001b[39m\u001b[90m 15 | \u001b[39m  \u001b[36mconst\u001b[39m store \u001b[33m=\u001b[39m useSelector((state) \u001b[33m=>\u001b[39m state)\u001b[33m;\u001b[39m\u001b[0m\u001b[22m\n\u001b[2m    \u001b[0m \u001b[90m    | \u001b[39m                \u001b[31m\u001b[1m^\u001b[2m\u001b[39m\u001b[0m\u001b[22m\n\u001b[2m    \u001b[0m \u001b[90m 16 | \u001b[39m  \u001b[36mconst\u001b[39m dispatch \u001b[33m=\u001b[39m useDispatch()\u001b[33m;\u001b[39m\u001b[0m\u001b[22m\n\u001b[2m    \u001b[0m \u001b[90m 17 | \u001b[39m\u001b[0m\u001b[22m\n\u001b[2m    \u001b[0m \u001b[90m 18 | \u001b[39m  \u001b[36mconst\u001b[39m onClear \u001b[33m=\u001b[39m async () \u001b[33m=>\u001b[39m {\u001b[0m\u001b[22m\n\u001b[2m\u001b[22m\n\u001b[2m      \u001b[2mat useReduxContext (\u001b[2mnode_modules/react-redux/lib/hooks/useReduxContext.js\u001b[2m:30:11)\u001b[2m\u001b[22m\n\u001b[2m      \u001b[2mat useSelector (\u001b[2mnode_modules/react-redux/lib/hooks/useSelector.js\u001b[2m:111:28)\u001b[2m\u001b[22m\n\u001b[2m      \u001b[2mat SearchBar (\u001b[2msrc/components/SearchBar/SearchBar.js\u001b[2m:15:17)\u001b[2m\u001b[22m\n\u001b[2m      \u001b[2mat renderWithHooks (\u001b[2mnode_modules/react-test-renderer/cjs/react-test-renderer.development.js\u001b[2m:5036:18)\u001b[2m\u001b[22m\n\u001b[2m      \u001b[2mat mountIndeterminateComponent (\u001b[2mnode_modules/react-test-renderer/cjs/react-test-renderer.development.js\u001b[2m:7118:13)\u001b[2m\u001b[22m\n\u001b[2m      \u001b[2mat beginWork (\u001b[2mnode_modules/react-test-renderer/cjs/react-test-renderer.development.js\u001b[2m:7723:16)\u001b[2m\u001b[22m\n\u001b[2m      \u001b[2mat performUnitOfWork (\u001b[2mnode_modules/react-test-renderer/cjs/react-test-renderer.development.js\u001b[2m:11413:12)\u001b[2m\u001b[22m\n\u001b[2m      \u001b[2mat workLoop (\u001b[2mnode_modules/react-test-renderer/cjs/react-test-renderer.development.js\u001b[2m:11445:24)\u001b[2m\u001b[22m\n\u001b[2m      \u001b[2mat renderRoot (\u001b[2mnode_modules/react-test-renderer/cjs/react-test-renderer.development.js\u001b[2m:11528:7)\u001b[2m\u001b[22m\n\u001b[2m      \u001b[2mat performWorkOnRoot (\u001b[2mnode_modules/react-test-renderer/cjs/react-test-renderer.development.js\u001b[2m:12416:7)\u001b[2m\u001b[22m\n","name":"/Users/einaralex/Development/Projects/Spez/src/components/SearchBar/SearchBar.test.js","startTime":1606598928440,"status":"failed","summary":""},{"assertionResults":[{"ancestorTitles":["With Enzyme"],"failureMessages":["Error: Method “text” is meant to be run on 1 node. 0 found instead.\n    at ShallowWrapper.single (/Users/einaralex/Development/Projects/Spez/node_modules/enzyme/src/ShallowWrapper.js:1636:13)\n    at ShallowWrapper.single [as text] (/Users/einaralex/Development/Projects/Spez/node_modules/enzyme/src/ShallowWrapper.js:1079:17)\n    at Object.text (/Users/einaralex/Development/Projects/Spez/src/components/Carousel/Carousel.test.js:10:26)\n    at Object.asyncJestTest (/Users/einaralex/Development/Projects/Spez/node_modules/jest-jasmine2/build/jasmineAsyncInstall.js:102:37)\n    at /Users/einaralex/Development/Projects/Spez/node_modules/jest-jasmine2/build/queueRunner.js:43:12\n    at new Promise (<anonymous>)\n    at mapper (/Users/einaralex/Development/Projects/Spez/node_modules/jest-jasmine2/build/queueRunner.js:26:19)\n    at /Users/einaralex/Development/Projects/Spez/node_modules/jest-jasmine2/build/queueRunner.js:73:41\n    at processTicksAndRejections (internal/process/task_queues.js:97:5)"],"fullName":"With Enzyme component shows \"Hello world!\"","location":null,"status":"failed","title":"component shows \"Hello world!\""},{"ancestorTitles":["With Snapshot Testing"],"failureMessages":["Error: could not find react-redux context value; please ensure the component is wrapped in a <Provider>\n    at useReduxContext (/Users/einaralex/Development/Projects/Spez/node_modules/react-redux/lib/hooks/useReduxContext.js:30:11)\n    at useStore (/Users/einaralex/Development/Projects/Spez/node_modules/react-redux/lib/hooks/useStore.js:28:28)\n    at useDispatch (/Users/einaralex/Development/Projects/Spez/node_modules/react-redux/lib/hooks/useDispatch.js:24:17)\n    at Card (/Users/einaralex/Development/Projects/Spez/src/components/Card/Card.js:29:20)\n    at renderWithHooks (/Users/einaralex/Development/Projects/Spez/node_modules/react-test-renderer/cjs/react-test-renderer.development.js:5036:18)\n    at mountIndeterminateComponent (/Users/einaralex/Development/Projects/Spez/node_modules/react-test-renderer/cjs/react-test-renderer.development.js:7118:13)\n    at beginWork (/Users/einaralex/Development/Projects/Spez/node_modules/react-test-renderer/cjs/react-test-renderer.development.js:7723:16)\n    at performUnitOfWork (/Users/einaralex/Development/Projects/Spez/node_modules/react-test-renderer/cjs/react-test-renderer.development.js:11413:12)\n    at workLoop (/Users/einaralex/Development/Projects/Spez/node_modules/react-test-renderer/cjs/react-test-renderer.development.js:11445:24)\n    at renderRoot (/Users/einaralex/Development/Projects/Spez/node_modules/react-test-renderer/cjs/react-test-renderer.development.js:11528:7)"],"fullName":"With Snapshot Testing app shows \"Hello world!\"","location":null,"status":"failed","title":"app shows \"Hello world!\""}],"endTime":1606598929541,"message":"\u001b[1m\u001b[31m  \u001b[1m● \u001b[1mWith Enzyme › component shows \"Hello world!\"\u001b[39m\u001b[22m\n\n    Method “text” is meant 
[...]
2 | \u001b[39m})\u001b[33m;\u001b[39m\u001b[0m\u001b[22m\n\u001b[2m    \u001b[0m \u001b[90m 13 | \u001b[39m\u001b[0m\u001b[22m\n\u001b[2m\u001b[22m\n\u001b[2m      \u001b[2mat ShallowWrapper.single (\u001b[2mnode_modules/enzyme/src/ShallowWrapper.js\u001b[2m:1636:13)\u001b[2m\u001b[22m\n\u001b[2m      \u001b[2mat ShallowWrapper.single [as text] (\u001b[2mnode_modules/enzyme/src/ShallowWrapper.js\u001b[2m:1079:17)\u001b[2m\u001b[22m\n\u001b[2m      \u001b[2mat Object.text (\u001b[2m\u001b[0m\u001b[36msrc/components/Logo/Logo.test.js\u001b[39m\u001b[0m\u001b[2m:10:26)\u001b[2m\u001b[22m\n","name":"/Users/einaralex/Development/Projects/Spez/src/components/Logo/Logo.test.js","startTime":1606598930865,"status":"failed","summary":""},{"assertionResults":[{"ancestorTitles":["With Enzyme"],"failureMessages":["Error: Method “text” is meant to be run on 1 node. 2 found instead.\n    at ShallowWrapper.single (/Users/einaralex/Development/Projects/Spez/node_modules/enzyme/src/ShallowWrapper.js:1636:13)\n    at ShallowWrapper.single [as text] (/Users/einaralex/Development/Projects/Spez/node_modules/enzyme/src/ShallowWrapper.js:1079:17)\n    at Object.text (/Users/einaralex/Development/Projects/Spez/src/components/Footer/Footer.test.js:10:26)\n    at Object.asyncJestTest (/Users/einaralex/Development/Projects/Spez/node_modules/jest-jasmine2/build/jasmineAsyncInstall.js:102:37)\n    at /Users/einaralex/Development/Projects/Spez/node_modules/jest-jasmine2/build/queueRunner.js:43:12\n    at new Promise (<anonymous>)\n    at mapper (/Users/einaralex/Development/Projects/Spez/node_modules/jest-jasmine2/build/queueRunner.js:26:19)\n    at /Users/einaralex/Development/Projects/Spez/node_modules/jest-jasmine2/build/queueRunner.js:73:41\n    at processTicksAndRejections (internal/process/task_queues.js:97:5)"],"fullName":"With Enzyme component shows \"Hello world!\"","location":null,"status":"failed","title":"component shows \"Hello world!\""},{"ancestorTitles":["With Snapshot Testing"],"failureMessages":[],"fullName":"With Snapshot Testing app shows \"Hello world!\"","location":null,"status":"passed","title":"app shows \"Hello world!\""}],"endTime":1606598930683,"message":"\u001b[1m\u001b[31m  \u001b[1m● \u001b[1mWith Enzyme › component shows \"Hello world!\"\u001b[39m\u001b[22m\n\n    Method “text” is meant to be run on 1 node. 2 found instead.\n\u001b[2m\u001b[22m\n\u001b[2m    \u001b[0m \u001b[90m  8 | \u001b[39m  it(\u001b[32m'component shows \"Hello world!\"'\u001b[39m\u001b[33m,\u001b[39m () \u001b[33m=>\u001b[39m {\u001b[0m\u001b[22m\n\u001b[2m    \u001b[0m \u001b[90m  9 | \u001b[39m    \u001b[36mconst\u001b[39m app \u001b[33m=\u001b[39m shallow(\u001b[33m<\u001b[39m\u001b[33mFooter\u001b[39m\u001b[33m>\u001b[39m\u001b[33mHello\u001b[39m \u001b[33mWorld\u001b[39m\u001b[33m!\u001b[39m\u001b[33m<\u001b[39m\u001b[33m/\u001b[39m\u001b[33mFooter\u001b[39m\u001b[33m>\u001b[39m)\u001b[33m;\u001b[39m\u001b[0m\u001b[22m\n\u001b[2m    \u001b[0m\u001b[31m\u001b[1m>\u001b[2m\u001b[39m\u001b[90m 10 | \u001b[39m    expect(app\u001b[33m.\u001b[39mfind(\u001b[32m\"p\"\u001b[39m)\u001b[33m.\u001b[39mtext())\u001b[33m.\u001b[39mtoStrictEqual(\u001b[32m\"Hello World!\"\u001b[39m)\u001b[33m;\u001b[39m\u001b[0m\u001b[22m\n\u001b[2m    \u001b[0m \u001b[90m    | \u001b[39m                         \u001b[31m\u001b[1m^\u001b[2m\u001b[39m\u001b[0m\u001b[22m\n\u001b[2m    \u001b[0m \u001b[90m 11 | \u001b[39m  })\u001b[33m;\u001b[39m\u001b[0m\u001b[22m\n\u001b[2m    \u001b[0m \u001b[90m 12 | \u001b[39m})\u001b[33m;\u001b[39m\u001b[0m\u001b[22m\n\u001b[2m    \u001b[0m \u001b[90m 13 | \u001b[39m\u001b[0m\u001b[22m\n\u001b[2m\u001b[22m\n\u001b[2m      \u001b[2mat ShallowWrapper.single (\u001b[2mnode_modules/enzyme/src/ShallowWrapper.js\u001b[2m:1636:13)\u001b[2m\u001b[22m\n\u001b[2m      \u001b[2mat ShallowWrapper.single [as text] (\u001b[2mnode_modules/enzyme/src/ShallowWrapper.js\u001b[2m:1079:17)\u001b[2m\u001b[22m\n\u001b[2m      \u001b[2mat Object.text (\u001b[2m\u001b[0m\u001b[36msrc/components/Footer/Footer.test.js\u001b[39m\u001b[0m\u001b[2m:10:26)\u001b[2m\u001b[22m\n","name":"/Users/einaralex/Development/Projects/Spez/src/components/Footer/Footer.test.js","startTime":1606598929950,"status":"failed","summary":""},{"assertionResults":[{"ancestorTitles":["With Enzyme"],"failureMessages":["Error: Method “text” is meant to be run on 1 node. 0 found instead.\n    at ShallowWrapper.single (/Users/einaralex/Development/Projects/Spez/node_modules/enzyme/src/ShallowWrapper.js:1636:13)\n    at ShallowWrapper.single [as text] (/Users/einaralex/Development/Projects/Spez/node_modules/enzyme/src/ShallowWrapper.js:1079:17)\n    at Object.text (/Users/einaralex/Development/Projects/Spez/src/components/Drawer/Drawer.test.js:10:26)\n    at Object.asyncJestTest (/Users/einaralex/Development/Projects/Spez/node_modules/jest-jasmine2/build/jasmineAsyncInstall.js:102:37)\n    at /Users/einaralex/Development/Projects/Spez/node_modules/jest-jasmine2/build/queueRunner.js:43:12\n    at new Promise (<anonymous>)\n    at mapper (/Users/einaralex/Development/Projects/Spez/node_modules/jest-jasmine2/build/queueRunner.js:26:19)\n    at /Users/einaralex/Development/Projects/Spez/node_modules/jest-jasmine2/build/queueRunner.js:73:41\n    at processTicksAndRejections (internal/process/task_queues.js:97:5)"],"fullName":"With Enzyme component shows \"Hello world!\"","location":null,"status":"failed","title":"component shows \"Hello world!\""},{"ancestorTitles":["With Snapshot Testing"],"failureMessages":[],"fullName":"With Snapshot Testing app shows \"Hello world!\"","location":null,"status":"passed","title":"app shows \"Hello world!\""}],"endTime":1606598930734,"message":"\u001b[1m\u001b[31m  \u001b[1m● \u001b[1mWith Enzyme › component shows \"Hello world!\"\u001b[39m\u001b[22m\n\n    Method “text” is meant to be run on 1 node. 0 found instead.\n\u001b[2m\u001b[22m\n\u001b[2m    \u001b[0m \u001b[90m  8 | \u001b[39m  it(\u001b[32m'component shows \"Hello world!\"'\u001b[39m\u001b[33m,\u001b[39m () \u001b[33m=>\u001b[39m {\u001b[0m\u001b[22m\n\u001b[2m    \u001b[0m \u001b[90m  9 | \u001b[39m    \u001b[36mconst\u001b[39m app \u001b[33m=\u001b[39m shallow(\u001b[33m<\u001b[39m\u001b[33mDrawer\u001b[39m\u001b[33m>\u001b[39m\u001b[33mHello\u001b[39m \u001b[33mWorld\u001b[39m\u001b[33m!\u001b[39m\u001b[33m<\u001b[39m\u001b[33m/\u001b[39m\u001b[33mDrawer\u001b[39m\u001b[33m>\u001b[39m)\u001b[33m;\u001b[39m\u001b[0m\u001b[22m\n\u001b[2m    \u001b[0m\u001b[31m\u001b[1m>\u001b[2m\u001b[39m\u001b[90m 10 | \u001b[39m    expect(app\u001b[33m.\u001b[39mfind(\u001b[32m\"p\"\u001b[39m)\u001b[33m.\u001b[39mtext())\u001b[33m.\u001b[39mtoStrictEqual(\u001b[32m\"Hello World!\"\u001b[39m)\u001b[33m;\u001b[39m\u001b[0m\u001b[22m\n\u001b[2m    \u001b[0m \u001b[90m    | \u001b[39m                         \u001b[31m\u001b[1m^\u001b[2m\u001b[39m\u001b[0m\u001b[22m\n\u001b[2m    \u001b[0m \u001b[90m 11 | \u001b[39m  })\u001b[33m;\u001b[39m\u001b[0m\u001b[22m\n\u001b[2m    \u001b[0m \u001b[90m 12 | \u001b[39m})\u001b[33m;\u001b[39m\u001b[0m\u001b[22m\n\u001b[2m    \u001b[0m \u001b[90m 13 | \u001b[39m\u001b[0m\u001b[22m\n\u001b[2m\u001b[22m\n\u001b[2m      \u001b[2mat ShallowWrapper.single (\u001b[2mnode_modules/enzyme/src/ShallowWrapper.js\u001b[2m:1636:13)\u001b[2m\u001b[22m\n\u001b[2m      \u001b[2mat ShallowWrapper.single [as text] (\u001b[2mnode_modules/enzyme/src/ShallowWrapper.js\u001b[2m:1079:17)\u001b[2m\u001b[22m\n\u001b[2m      \u001b[2mat Object.text (\u001b[2m\u001b[0m\u001b[36msrc/components/Drawer/Drawer.test.js\u001b[39m\u001b[0m\u001b[2m:10:26)\u001b[2m\u001b[22m\n","name":"/Users/einaralex/Development/Projects/Spez/src/components/Drawer/Drawer.test.js","startTime":1606598929909,"status":"failed","summary":""},{"assertionResults":[{"ancestorTitles":["With Enzyme"],"failureMessages":["Error: Method “text” is meant to be run on 1 node. 0 found instead.\n    at ShallowWrapper.single (/Users/einaralex/Development/Projects/Spez/node_modules/enzyme/src/ShallowWrapper.js:1636:13)\n    at ShallowWrapper.single [as text] (/Users/einaralex/Development/Projects/Spez/node_modules/enzyme/src/ShallowWrapper.js:1079:17)\n    at Object.text (/Users/einaralex/Development/Projects/Spez/src/components/Modal/Modal.test.js:10:26)\n    at Object.asyncJestTest (/Users/einaralex/Development/Projects/Spez/node_modules/jest-jasmine2/build/jasmineAsyncInstall.js:102:37)\n    at /Users/einaralex/Development/Projects/Spez/node_modules/jest-jasmine2/build/queueRunner.js:43:12\n    at new Promise (<anonymous>)\n    at mapper (/Users/einaralex/Development/Projects/Spez/node_modules/jest-jasmine2/build/queueRunner.js:26:19)\n    at /Users/einaralex/Development/Projects/Spez/node_modules/jest-jasmine2/build/queueRunner.js:73:41\n    at processTicksAndRejections (internal/process/task_queues.js:97:5)"],"fullName":"With Enzyme component shows \"Hello world!\"","location":null,"status":"failed","title":"component shows \"Hello world!\""},{"ancestorTitles":["With Snapshot Testing"],"failureMessages":[],"fullName":"With Snapshot Testing app shows \"Hello world!\"","location":null,"status":"passed","title":"app shows \"Hello world!\""}],"endTime":1606598930869,"message":"\u001b[1m\u001b[31m  \u001b[1m● \u001b[1mWith Enzyme › component shows \"Hello world!\"\u001b[39m\u001b[22m\n\n    Method “text” is meant to be run on 1 node. 0 found instead.\n\u001b[2m\u001b[22m\n\u001b[2m    \u001b[0m \u001b[90m  8 | \u001b[39m  it(\u001b[32m'component shows \"Hello world!\"'\u001b[39m\u001b[33m,\u001b[39m () \u001b[33m=>\u001b[39m {\u001b[0m\u001b[22m\n\u001b[2m    \u001b[0m \u001b[90m  9 | \u001b[39m    \u001b[36mconst\u001b[39m app \u001b[33m=\u001b[39m shallow(\u001b[33m<\u001b[39m\u001b[33mModal\u001b[39m\u001b[33m>\u001b[39m\u001b[33mHello\u001b[39m \u001b[33mWorld\u001b[39m\u001b[33m!\u001b[39m\u001b[33m<\u001b[39m\u001b[33m/\u001b[39m\u001b[33mModal\u001b[39m\u001b[33m>\u001b[39m)\u001b[33m;\u001b[39m\u001b[0m\u001b[22m\n\u001b[2m    \u001b[0m\u001b[31m\u001b[1m>\u001b[2m\u001b[39m\u001b[90m 10 | \u001b[39m    expect(app\u001b[33m.\u001b[39mfind(\u001b[32m\"p\"\u001b[39m)\u001b[33m.\u001b[39mtext())\u001b[33m.\u001b[39mtoStrictEqual(\u001b[32m\"Hello World!\"\u001b[39m)\u001b[33m;\u001b[39m\u001b[0m\u001b[22m\n\u001b[2m    \u001b[0m \u001b[90m    | \u001b[39m                         \u001b[31m\u001b[1m^\u001b[2m\u001b[39m\u001b[0m\u001b[22m\n\u001b[2m    \u001b[0m \u001b[90m 11 | \u001b[39m  })\u001b[33m;\u001b[39m\u001b[0m\u001b[22m\n\u001b[2m    \u001b[0m \u001b[90m 12 | \u001b[39m})\u001b[33m;\u001b[39m\u001b[0m\u001b[22m\n\u001b[2m    \u001b[0m \u001b[90m 13 | \u001b[39m\u001b[0m\u001b[22m\n\u001b[2m\u001b[22m\n\u001b[2m      \u001b[2mat ShallowWrapper.single (\u001b[2mnode_modules/enzyme/src/ShallowWrapper.js\u001b[2m:1636:13)\u001b[2m\u001b[22m\n\u001b[2m      \u001b[2mat ShallowWrapper.single [as text] (\u001b[2mnode_modules/enzyme/src/ShallowWrapper.js\u001b[2m:1079:17)\u001b[2m\u001b[22m\n\u001b[2m      \u001b[2mat Object.text (\u001b[2m\u001b[0m\u001b[36msrc/components/Modal/Modal.test.js\u001b[39m\u001b[0m\u001b[2m:10:26)\u001b[2m\u001b[22m\n","name":"/Users/einaralex/Development/Projects/Spez/src/components/Modal/Modal.test.js","startTime":1606598930164,"status":"failed","summary":""},{"assertionResults":[{"ancestorTitles":["With Enzyme"],"failureMessages":["Error: could not find react-redux context value; please ensure the component is wrapped in a <Provider>\n    at useReduxContext (/Users/einaralex/Development/Projects/Spez/node_modules/react-redux/lib/hooks/useReduxContext.js:30:11)\n    at useStore (/Users/einaralex/Development/Projects/Spez/node_modules/react-redux/lib/hooks/useStore.js:28:28)\n    at useDispatch (/Users/einaralex/Development/Projects/Spez/node_modules/react-redux/lib/hooks/useDispatch.js:24:17)\n    at Card (/Users/einaralex/Development/Projects/Spez/src/components/Card/Card.js:29:20)\n    at ReactShallowRenderer.render (/Users/einaralex/Development/Projects/Spez/node_modules/react-test-renderer/cjs/react-test-renderer-shallow.development.js:758:32)\n    at render (/Users/einaralex/Development/Projects/Spez/node_modules/enzyme-adapter-react-16/src/ReactSixteenAdapter.js:636:55)\n    at fn (/Users/einaralex/Development/Projects/Spez/node_modules/enzyme-adapter-utils/src/Utils.js:99:18)\n    at Object.render (/Users/einaralex/Development/Projects/Spez/node_modules/enzyme-adapter-react-16/src/ReactSixteenAdapter.js:636:20)\n    at new render (/Users/einaralex/Development/Projects/Spez/node_modules/enzyme/src/ShallowWrapper.js:397:22)\n    at shallow (/Users/einaralex/Development/Projects/Spez/node_modules/enzyme/src/shallow.js:10:10)"],"fullName":"With Enzyme component shows \"Hello world!\"","location":null,"status":"failed","title":"component shows \"Hello world!\""},{"ancestorTitles":["With Snapshot Testing"],"failureMessages":["Error: could not find react-redux context value; please ensure the component is wrapped in a <Provider>\n    at useReduxContext (/Users/einaralex/Development/Projects/Spez/node_modules/react-redux/lib/hooks/useReduxContext.js:30:11)\n    at useStore (/Users/einaralex/Development/Projects/Spez/node_modules/react-redux/lib/hooks/useStore.js:28:28)\n    at useDispatch (/Users/einaralex/Development/Projects/Spez/node_modules/react-redux/lib/hooks/useDispatch.js:24:17)\n    at Card (/Users/einaralex/Development/Projects/Spez/src/components/Card/Card.js:29:20)\n    at renderWithHooks (/Users/einaralex/Development/Projects/Spez/node_modules/react-test-renderer/cjs/react-test-renderer.development.js:5036:18)\n    at mountIndeterminateComponent (/Users/einaralex/Development/Projects/Spez/node_modules/react-test-renderer/cjs/react-test-renderer.development.js:7118:13)\n    at beginWork (/Users/einaralex/Development/Projects/Spez/node_modules/react-test-renderer/cjs/react-test-renderer.development.js:7723:16)\n    at performUnitOfWork (/Users/einaralex/Development/Projects/Spez/node_modules/react-test-renderer/cjs/react-test-renderer.development.js:11413:12)\n    at workLoop (/Users/einaralex/Development/Projects/Spez/node_modules/react-test-renderer/cjs/react-test-renderer.development.js:11445:24)\n    at renderRoot (/Users/einaralex/Development/Projects/Spez/node_modules/react-test-renderer/cjs/react-test-renderer.development.js:11528:7)"],"fullName":"With Snapshot Testing app shows \"Hello world!\"","location":null,"status":"failed","title":"app shows \"Hello world!\""}],"endTime":1606598931279,"message":"\u001b[1m\u001b[31m  \u001b[1m● \u001b[1mWith Enzyme › component shows \"Hello world!\"\u001b[39m\u001b[22m\n\n    could not find react-redux context value; please ensure the component is wrapped in a <Provider>\n\u001b[2m\u001b[22m\n\u001b[2m    \u001b[0m \u001b[90m 27 | \u001b[39m    years \u001b[33m=\u001b[39m \u001b[32m\"0\"\u001b[39m\u001b[0m\u001b[22m\n\u001b[2m    \u001b[0m \u001b[90m 28 | \u001b[39m  } \u001b[33m=\u001b[39m props\u001b[33m;\u001b[39m\u001b[0m\u001b[22m\n\u001b[2m    \u001b[0m\u001b[31m\u001b[1m>\u001b[2m\u001b[39m\u001b[90m 29 | \u001b[39m  \u001b[36mconst\u001b[39m dispatch \u001b[33m=\u001b[39m useDispatch()\u001b[33m;\u001b[39m\u001b[0m\u001b[22m\n\u001b[2m    \u001b[0m \u001b[90m    | \u001b[39m                   \u001b[31m\u001b[1m^\u001b[2m\u001b[39m\u001b[0m\u001b[22m\n\u001b[2m    \u001b[0m \u001b[90m 30 | \u001b[39m\u001b[0m\u001b[22m\n\u001b[2m    \u001b[0m \u001b[90m 31 | \u001b[39m  \u001b[90m// TODO: This, onEditCard, onPublishToggleCard, onDeleteCard doesn't belong in the component.\u001b[39m\u001b[0m\u001b[22m\n\u001b[2m    \u001b[0m \u001b[90m 32 | \u001b[39m  \u001b[90m// Should be in a provider, this is breaking Storybook.\u001b[39m\u001b[0m\u001b[22m\n\u001b[2m\u001b[22m\n\u001b[2m      \u001b[2mat useReduxContext (\u001b[2mnode_modules/react-redux/lib/hooks/useReduxContext.js\u001b[2m:30:11)\u001b[2m\u001b[22m\n\u001b[2m      \u001b[2mat useStore (\u001b[2mnode_modules/react-redux/lib/hooks/useStore.js\u001b[2m:28:28)\u001b[2m\u001b[22m\n\u001b[2m      \u001b[2mat useDispatch (\u001b[2mnode_modules/react-redux/lib/hooks/useDispatch.js\u001b[2m:24:17)\u001b[2m\u001b[22m\n\u001b[2m      \u001b[2mat Card (\u001b[2msrc/components/Card/Card.js\u001b[2m:29:20)\u001b[2m\u001b[22m\n\u001b[2m      \u001b[2mat ReactShallowRenderer.render (\u001b[2mnode_modules/react-test-renderer/cjs/react-test-renderer-shallow.development.js\u001b[2m:758:32)\u001b[2m\u001b[22m\n\u001b[2m      \u001b[2mat render (\u001b[2mnode_modules/enzyme-adapter-react-16/src/ReactSixteenAdapter.js\u001b[2m:636:55)\u001b[2m\u001b[22m\n\u001b[2m      \u001b[2mat fn (\u001b[2mnode_modules/enzyme-adapter-utils/src/Utils.js\u001b[2m:99:18)\u001b[2m\u001b[22m\n\u001b[2m      \u001b[2mat Object.render (\u001b[2mnode_modules/enzyme-adapter-react-16/src/ReactSixteenAdapter.js\u001b[2m:636:20)\u001b[2m\u001b[22m\n\u001b[2m      \u001b[2mat new render (\u001b[2mnode_modules/enzyme/src/ShallowWrapper.js\u001b[2m:397:22)\u001b[2m\u001b[22m\n\u001b[2m      \u001b[2mat shallow (\u001b[2mnode_modules/enzyme/src/shallow.js\u001b[2m:10:10)\u001b[2m\u001b[22m\n\n\u001b[1m\u001b[31m  \u001b[1m● \u001b[1mWith Snapshot Testing › app shows \"Hello world!\"\u001b[39m\u001b[22m\n\n    could not find react-redux context value; please ensure the component is wrapped in a <Provider>\n\u001b[2m\u001b[22m\n\u001b[2m    \u001b[0m \u001b[90m 27 | \u001b[39m    years \u001b[33m=\u001b[39m \u001b[32m\"0\"\u001b[39m\u001b[0m\u001b[22m\n\u001b[2m    \u001b[0m \u001b[90m 28 | \u001b[39m  } \u001b[33m=\u001b[39m props\u001b[33m;\u001b[39m\u001b[0m\u001b[22m\n\u001b[2m    \u001b[0m\u001b[31m\u001b[1m>\u001b[2m\u001b[39m\u001b[90m 29 | \u001b[39m  \u001b[36mconst\u001b[39m dispatch \u001b[33m=\u001b[39m useDispatch()\u001b[33m;\u001b[39m\u001b[0m\u001b[22m\n\u001b[2m    \u001b[0m \u001b[90m    | \u001b[39m                   \u001b[31m\u001b[1m^\u001b[2m\u001b[39m\u001b[0m\u001b[22m\n\u001b[2m    \u001b[0m \u001b[90m 30 | \u001b[39m\u001b[0m\u001b[22m\n\u001b[2m    \u001b[0m \u001b[90m 31 | \u001b[39m  \u001b[90m// TODO: This, onEditCard, onPublishToggleCard, onDeleteCard doesn't belong in the component.\u001b[39m\u001b[0m\u001b[22m\n\u001b[2m    \u001b[0m \u001b[90m 32 | \u001b[39m  \u001b[90m// Should be in a provider, this is breaking Storybook.\u001b[39m\u001b[0m\u001b[22m\n\u001b[2m\u001b[22m\n\u001b[2m      \u001b[2mat useReduxContext (\u001b[2mnode_modules/react-redux/lib/hooks/useReduxContext.js\u001b[2m:30:11)\u001b[2m\u001b[22m\n\u001b[2m      \u001b[2mat useStore (\u001b[2mnode_modules/react-redux/lib/hooks/useStore.js\u001b[2m:28:28)\u001b[2m\u001b[22m\n\u001b[2m      \u001b[2mat useDispatch (\u001b[2mnode_modules/react-redux/lib/hooks/useDispatch.js\u001b[2m:24:17)\u001b[2m\u001b[22m\n\u001b[2m      \u001b[2mat Card (\u001b[2msrc/components/Card/Card.js\u001b[2m:29:20)\u001b[2m\u001b[22m\n\u001b[2m      \u001b[2mat renderWithHooks (\u001b[2mnode_modules/react-test-renderer/cjs/react-test-renderer.development.js\u001b[2m:5036:18)\u001b[2m\u001b[22m\n\u001b[2m      \u001b[2mat mountIndeterminateComponent (\u001b[2mnode_modules/react-test-renderer/cjs/react-test-renderer.development.js\u001b[2m:7118:13)\u001b[2m\u001b[22m\n\u001b[2m      \u001b[2mat beginWork (\u001b[2mnode_modules/react-test-renderer/cjs/react-test-renderer.development.js\u001b[2m:7723:16)\u001b[2m\u001b[22m\n\u001b[2m      \u001b[2mat performUnitOfWork (\u001b[2mnode_modules/react-test-renderer/cjs/react-test-renderer.development.js\u001b[2m:11413:12)\u001b[2m\u001b[22m\n\u001b[2m      \u001b[2mat workLoop (\u001b[2mnode_modules/react-test-renderer/cjs/react-test-renderer.development.js\u001b[2m:11445:24)\u001b[2m\u001b[22m\n\u001b[2m      \u001b[2mat renderRoot (\u001b[2mnode_modules/react-test-renderer/cjs/react-test-renderer.development.js\u001b[2m:11528:7)\u001b[2m\u001b[22m\n","name":"/Users/einaralex/Development/Projects/Spez/src/components/Card/Card.test.js","startTime":1606598930964,"status":"failed","summary":""}],"wasInterrupted":false}